[2025-07-11 09:42:16] [info]  [ 1988] Commons Daemon procrun (1.0.15.0 64-bit) started
[2025-07-11 09:42:16] [info]  [ 1988] Running 'GoAnywhere' Service...
[2025-07-11 09:42:16] [info]  [ 2716] Starting service...
[2025-07-11 09:42:18] [info]  [ 2716] Service started in 1328 ms.
[2025-07-11 09:42:41] [info]  [ 1988] Run service finished.
[2025-07-11 09:42:41] [info]  [ 1988] Commons Daemon procrun finished
[2025-07-11 09:45:27] [info]  [ 8480] Commons Daemon procrun (1.0.15.0 64-bit) started
[2025-07-11 09:45:27] [info]  [ 8480] Running 'GoAnywhere' Service...
[2025-07-11 09:45:27] [info]  [ 8260] Starting service...
[2025-07-11 09:45:28] [info]  [ 8260] Service started in 1156 ms.
[2025-07-11 09:45:33] [info]  [ 8480] Run service finished.
[2025-07-11 09:45:33] [info]  [ 8480] Commons Daemon procrun finished
[2025-07-11 09:46:51] [info]  [ 2964] Commons Daemon procrun (1.0.15.0 64-bit) started
[2025-07-11 09:46:52] [info]  [ 2964] Running 'GoAnywhere' Service...
[2025-07-11 09:46:52] [info]  [ 3652] Starting service...
[2025-07-11 09:46:55] [info]  [ 3652] Service started in 2754 ms.
[2025-07-11 09:47:03] [info]  [ 2964] Run service finished.
[2025-07-11 09:47:03] [info]  [ 2964] Commons Daemon procrun finished
[2025-07-11 09:49:16] [info]  [ 5256] Commons Daemon procrun (1.0.15.0 64-bit) started
[2025-07-11 09:49:16] [info]  [ 5256] Running 'GoAnywhere' Service...
[2025-07-11 09:49:16] [info]  [ 5796] Starting service...
[2025-07-11 09:49:18] [info]  [ 5796] Service started in 1234 ms.
[2025-07-11 09:49:42] [info]  [ 5256] Run service finished.
[2025-07-11 09:49:42] [info]  [ 5256] Commons Daemon procrun finished
[2025-07-11 09:52:37] [info]  [ 1664] Commons Daemon procrun (1.0.15.0 64-bit) started
[2025-07-11 09:52:37] [info]  [ 1664] Running 'GoAnywhere' Service...
[2025-07-11 09:52:37] [info]  [ 2904] Starting service...
[2025-07-11 09:52:38] [info]  [ 2904] Service started in 1187 ms.
[2025-07-11 12:47:08] [info]  [ 8516] Console SHUTDOWN event signaled
[2025-07-11 12:47:08] [info]  [ 8516] Stopping service...
[2025-07-11 12:47:11] [info]  [ 8516] Service stop thread completed.
[2025-07-11 12:47:13] [info]  [ 1664] Run service finished.
[2025-07-11 12:47:13] [info]  [ 1664] Commons Daemon procrun finished
[2025-07-11 12:47:23] [info]  [ 2380] Commons Daemon procrun (1.0.15.0 64-bit) started
[2025-07-11 12:47:24] [info]  [ 2380] Running 'GoAnywhere' Service...
[2025-07-11 12:47:24] [info]  [ 3660] Starting service...
[2025-07-11 12:47:26] [info]  [ 3660] Service started in 2029 ms.
[2025-07-28 09:29:16] [info]  [ 8652] Console SHUTDOWN event signaled
[2025-07-28 09:29:16] [info]  [ 8652] Stopping service...
[2025-07-28 09:29:20] [info]  [ 8652] Service stop thread completed.
[2025-07-28 09:29:22] [info]  [ 2380] Run service finished.
[2025-07-28 09:29:22] [info]  [ 2380] Commons Daemon procrun finished
