[2024-09-01 11:19:23] [info]  [ 3728] Commons Daemon procrun (1.0.15.0 64-bit) started
[2024-09-01 11:19:24] [info]  [ 3728] Running 'GoAnywhere' Service...
[2024-09-01 11:19:24] [info]  [ 4076] Starting service...
[2024-09-01 11:19:27] [info]  [ 4076] Service started in 2735 ms.
[2024-09-01 11:19:43] [info]  [ 3728] Run service finished.
[2024-09-01 11:19:43] [info]  [ 3728] Commons Daemon procrun finished
[2024-09-01 11:23:19] [info]  [ 3628] Commons Daemon procrun (1.0.15.0 64-bit) started
[2024-09-01 11:23:21] [info]  [ 3628] Running 'GoAnywhere' Service...
[2024-09-01 11:23:21] [info]  [ 3652] Starting service...
[2024-09-01 11:23:22] [info]  [ 3652] Service started in 1585 ms.
[2024-09-01 11:33:59] [info]  [ 4848] Console SHUTDOWN event signaled
[2024-09-01 11:33:59] [info]  [ 4848] Stopping service...
[2024-09-01 11:34:01] [info]  [ 4848] Service stop thread completed.
[2024-09-01 11:34:03] [info]  [ 3628] Run service finished.
[2024-09-01 11:34:03] [info]  [ 3628] Commons Daemon procrun finished
[2024-09-01 11:34:25] [info]  [ 3704] Commons Daemon procrun (1.0.15.0 64-bit) started
[2024-09-01 11:34:25] [info]  [ 3704] Running 'GoAnywhere' Service...
[2024-09-01 11:34:26] [info]  [ 4024] Starting service...
[2024-09-01 11:34:28] [info]  [ 4024] Service started in 1977 ms.
[2024-09-01 13:17:15] [info]  [ 5936] Console SHUTDOWN event signaled
[2024-09-01 13:17:15] [info]  [ 5936] Stopping service...
[2024-09-01 13:17:17] [info]  [ 5936] Service stop thread completed.
[2024-09-01 13:17:20] [info]  [ 3704] Run service finished.
[2024-09-01 13:17:20] [info]  [ 3704] Commons Daemon procrun finished
[2024-09-01 13:17:32] [info]  [ 3692] Commons Daemon procrun (1.0.15.0 64-bit) started
[2024-09-01 13:17:33] [info]  [ 3692] Running 'GoAnywhere' Service...
[2024-09-01 13:17:33] [info]  [ 4036] Starting service...
[2024-09-01 13:17:35] [info]  [ 4036] Service started in 1702 ms.
[2024-09-29 00:14:50] [info]  [ 8396] Console SHUTDOWN event signaled
[2024-09-29 00:14:50] [info]  [ 8396] Stopping service...
[2024-09-29 00:14:55] [info]  [ 3692] Service SHUTDOWN signaled
[2024-09-29 00:14:55] [info]  [ 6736] Stopping service...
