[2024-03-01 19:34:51] [info]  [ 7540] Commons Daemon procrun (1.0.15.0 64-bit) started
[2024-03-01 19:34:52] [info]  [ 7540] Running 'GoAnywhere' Service...
[2024-03-01 19:34:52] [info]  [ 4644] Starting service...
[2024-03-01 19:34:53] [info]  [ 4644] Service started in 1565 ms.
[2024-03-01 19:36:44] [info]  [ 6832] Stopping service...
[2024-03-01 19:36:45] [info]  [ 6832] Service stop thread completed.
[2024-03-01 19:36:45] [info]  [ 7540] Run service finished.
[2024-03-01 19:36:45] [info]  [ 7540] Commons Daemon procrun finished
[2024-03-01 19:36:45] [info]  [ 6432] Commons Daemon procrun (1.0.15.0 64-bit) started
[2024-03-01 19:36:46] [info]  [ 6432] Running 'GoAnywhere' Service...
[2024-03-01 19:36:46] [info]  [ 7048] Starting service...
[2024-03-01 19:36:47] [info]  [ 7048] Service started in 1140 ms.
[2024-03-01 19:51:03] [info]  [ 8064] Stopping service...
[2024-03-01 19:51:05] [info]  [ 8064] Service stop thread completed.
[2024-03-01 19:51:05] [info]  [ 6432] Run service finished.
[2024-03-01 19:51:05] [info]  [ 6432] Commons Daemon procrun finished
[2024-03-01 20:00:57] [info]  [ 6460] Commons Daemon procrun (1.0.15.0 64-bit) started
[2024-03-01 20:00:57] [info]  [ 6460] Running 'GoAnywhere' Service...
[2024-03-01 20:00:57] [info]  [ 3364] Starting service...
[2024-03-01 20:00:58] [info]  [ 3364] Service started in 1156 ms.
[2024-03-05 18:57:26] [info]  [ 4576] Console SHUTDOWN event signaled
[2024-03-05 18:57:26] [info]  [ 4576] Stopping service...
[2024-03-05 18:57:28] [info]  [ 4576] Service stop thread completed.
[2024-03-05 18:57:30] [info]  [ 6460] Run service finished.
[2024-03-05 18:57:30] [info]  [ 6460] Commons Daemon procrun finished
