[2025-07-09 07:34:16] [info]  [ 3980] Commons Daemon procrun (1.0.15.0 64-bit) started
[2025-07-09 07:34:16] [info]  [ 3980] Running 'GoAnywhere' Service...
[2025-07-09 07:34:16] [info]  [ 4744] Starting service...
[2025-07-09 07:34:18] [info]  [ 4744] Service started in 1669 ms.
[2025-07-09 08:47:38] [info]  [ 7532] Console SHUTDOWN event signaled
[2025-07-09 08:47:38] [info]  [ 7532] Stopping service...
[2025-07-09 08:47:41] [info]  [ 7532] Service stop thread completed.
[2025-07-09 08:47:42] [info]  [ 3980] Run service finished.
[2025-07-09 08:47:42] [info]  [ 3980] Commons Daemon procrun finished
[2025-07-09 08:47:58] [info]  [ 3996] Commons Daemon procrun (1.0.15.0 64-bit) started
[2025-07-09 08:47:58] [info]  [ 3996] Running 'GoAnywhere' Service...
[2025-07-09 08:47:59] [info]  [ 4260] Starting service...
[2025-07-09 08:48:00] [info]  [ 4260] Service started in 1687 ms.
[2025-07-09 08:57:27] [info]  [ 7308] Console SHUTDOWN event signaled
[2025-07-09 08:57:27] [info]  [ 7308] Stopping service...
[2025-07-09 08:57:29] [info]  [ 7308] Service stop thread completed.
[2025-07-09 08:57:32] [info]  [ 3996] Run service finished.
[2025-07-09 08:57:32] [info]  [ 3996] Commons Daemon procrun finished
[2025-07-09 08:57:43] [info]  [ 4052] Commons Daemon procrun (1.0.15.0 64-bit) started
[2025-07-09 08:57:43] [info]  [ 4052] Running 'GoAnywhere' Service...
[2025-07-09 08:57:43] [info]  [ 4144] Starting service...
[2025-07-09 08:57:45] [info]  [ 4144] Service started in 1832 ms.
[2025-07-11 09:42:10] [info]  [ 6424] Stopping service...
[2025-07-11 09:42:13] [info]  [ 6424] Service stop thread completed.
[2025-07-11 09:42:16] [info]  [ 4052] Run service finished.
[2025-07-11 09:42:16] [info]  [ 4052] Commons Daemon procrun finished
