
2024-03-01 19:34:52 Commons Daemon procrun stderr initialized
WARNING: An illegal reflective access operation has occurred
WARNING: Illegal reflective access by com.linoma.security.commons.credential.key.store.KeyStoreFactory (file:/C:/Program Files/Fortra/GoAnywhere/lib/linoma-security-commons-1.3.1.jar) to constructor sun.security.provider.Sun()
WARNING: Please consider reporting this to the maintainers of com.linoma.security.commons.credential.key.store.KeyStoreFactory
WARNING: Use --illegal-access=warn to enable warnings of further illegal reflective access operations
WARNING: All illegal access operations will be denied in a future release
Mar 01, 2024 7:35:05 PM org.apache.tomcat.util.digester.SetPropertiesRule begin
WARNING: Match [Server/Service/Connector] failed to set property [forceIDPLogin] to [false]
Mar 01, 2024 7:35:05 PM org.apache.tomcat.util.digester.SetPropertiesRule begin
WARNING: Match [Server/Service/Connector] failed to set property [gaRedirect] to [true]
Mar 01, 2024 7:35:05 PM org.apache.tomcat.util.digester.SetPropertiesRule begin
WARNING: Match [Server/Service/Connector] failed to set property [gaRedirectHost] to [vm-goanywhere1]
Mar 01, 2024 7:35:05 PM org.apache.tomcat.util.digester.SetPropertiesRule begin
WARNING: Match [Server/Service/Connector] failed to set property [gaRedirectPort] to [8001]
Mar 01, 2024 7:35:05 PM org.apache.tomcat.util.digester.SetPropertiesRule begin
WARNING: Match [Server/Service/Connector] failed to set property [gaRedirectScheme] to [https]
Mar 01, 2024 7:35:05 PM org.apache.tomcat.util.digester.SetPropertiesRule begin
WARNING: Match [Server/Service/Connector] failed to set property [keyLocation] to [File]
Mar 01, 2024 7:35:05 PM org.apache.tomcat.util.digester.SetPropertiesRule begin
WARNING: Match [Server/Service/Connector] failed to set property [forceIDPLogin] to [false]
Mar 01, 2024 7:35:05 PM org.apache.tomcat.util.digester.SetPropertiesRule begin
WARNING: Match [Server/Service/Connector] failed to set property [gaRedirect] to [false]
Mar 01, 2024 7:35:05 PM org.apache.tomcat.util.digester.SetPropertiesRule begin
WARNING: Match [Server/Service/Connector] failed to set property [keyLocation] to [KeyVault]
Mar 01, 2024 7:35:05 PM org.apache.tomcat.util.digester.SetPropertiesRule begin
WARNING: Match [Server/Service/Connector] failed to set property [keyName] to [atricure_wildcard]
Mar 01, 2024 7:35:05 PM org.apache.tomcat.util.net.SSLHostConfig setProtocols
WARNING: The protocol [TLSv1.3] was added to the list of protocols on the SSLHostConfig named [_default_]. Check if a +/- prefix is missing.
Mar 01, 2024 7:35:06 PM org.apache.coyote.AbstractProtocol init
INFO: Initializing ProtocolHandler ["http-nio-8000"]
Mar 01, 2024 7:35:06 PM org.apache.coyote.AbstractProtocol init
INFO: Initializing ProtocolHandler ["https-jsse-nio-8001"]
Mar 01, 2024 7:35:06 PM org.apache.tomcat.util.net.SSLUtilBase <init>
WARNING: The JSSE TLS 1.3 implementation does not support post handshake authentication (PHA) and is therefore incompatible with optional certificate authentication
Mar 01, 2024 7:35:06 PM org.apache.tomcat.util.net.AbstractEndpoint logCertificate
INFO: Connector [https-jsse-nio-8001], TLS virtual host [_default_], certificate type [UNDEFINED] configured from keystore [C:\Program Files\Fortra\GoAnywhere\tomcat\temp\mft_admin_ks_16355530440336809726] using alias [key] with trust store [C:\Program Files\Fortra\GoAnywhere\tomcat\temp\mft_admin_ts_952980631161914206]
Mar 01, 2024 7:35:06 PM org.apache.catalina.startup.Catalina load
INFO: Server initialization in [1612] milliseconds
Mar 01, 2024 7:35:07 PM org.apache.catalina.core.StandardService startInternal
INFO: Starting service [admin]
Mar 01, 2024 7:35:07 PM org.apache.catalina.core.StandardEngine startInternal
INFO: Starting Servlet engine: [Apache Tomcat/9.0.83]
Mar 01, 2024 7:35:09 PM org.apache.tomcat.util.net.SSLHostConfig setProtocols
WARNING: The protocol [TLSv1.3] was added to the list of protocols on the SSLHostConfig named [_default_]. Check if a +/- prefix is missing.
Mar 01, 2024 7:35:09 PM org.apache.coyote.AbstractProtocol init
INFO: Initializing ProtocolHandler ["https-jsse-nio-443"]
Mar 01, 2024 7:35:09 PM org.apache.catalina.core.StandardService startInternal
INFO: Starting service [ghttps]
Mar 01, 2024 7:35:09 PM org.apache.catalina.core.StandardEngine startInternal
INFO: Starting Servlet engine: [Apache Tomcat/9.0.83]
Mar 01, 2024 7:35:09 PM org.apache.myfaces.config.DefaultFacesConfigurationProvider getStandardFacesConfig
INFO: Reading standard config META-INF/standard-faces-config.xml
Mar 01, 2024 7:35:10 PM org.apache.myfaces.config.DefaultFacesConfigurationProvider getWebAppFacesConfig
INFO: Reading config /WEB-INF/faces-config.xml
Mar 01, 2024 7:35:10 PM org.apache.myfaces.config.DefaultFacesConfigurationProvider getClassloaderFacesConfig
INFO: Reading config : jar:file:/C:/Program Files/Fortra/GoAnywhere/lib/gfaces-3.3.0.jar!/META-INF/faces-config.xml
Mar 01, 2024 7:35:10 PM org.apache.myfaces.config.DefaultFacesConfigurationProvider getClassloaderFacesConfig
INFO: Reading config : jar:file:/C:/Program Files/Fortra/GoAnywhere/lib/primefaces-7.0.14.jar!/META-INF/faces-config.xml
Mar 01, 2024 7:35:10 PM org.apache.myfaces.config.DefaultFacesConfigurationProvider getClassloaderFacesConfig
INFO: Reading config : jar:file:/C:/Program Files/Fortra/GoAnywhere/lib/primefaces-extensions-7.0.1.jar!/META-INF/faces-config.xml
Mar 01, 2024 7:35:10 PM org.apache.myfaces.config.DefaultFacesConfigurationProvider getClassloaderFacesConfig
INFO: Reading config : jar:file:/C:/Program Files/Fortra/GoAnywhere/lib/tomahawk20-1.1.14.jar!/META-INF/faces-config.xml
Mar 01, 2024 7:35:10 PM org.apache.myfaces.config.DefaultFacesConfigurationProvider getContextSpecifiedFacesConfig
INFO: Reading config /WEB-INF/faces-forms.xml
Mar 01, 2024 7:35:11 PM org.apache.myfaces.config.DefaultFacesConfigurationProvider getContextSpecifiedFacesConfig
INFO: Reading config /WEB-INF/faces-navigation.xml
Mar 01, 2024 7:35:11 PM org.apache.myfaces.config.LogMetaInfUtils logArtifact
INFO: Artifact 'myfaces-api' was found in version '2.2.15' from path 'file:/C:/Program Files/Fortra/GoAnywhere/lib/myfaces-api-2.2.15.jar'
Mar 01, 2024 7:35:11 PM org.apache.myfaces.config.LogMetaInfUtils logArtifact
INFO: Artifact 'myfaces-bundle' was found in version '2.2.15' from path 'file:/C:/Program Files/Fortra/GoAnywhere/lib/myfaces-bundle-2.2.15.jar'
Mar 01, 2024 7:35:11 PM org.apache.myfaces.config.LogMetaInfUtils logArtifact
INFO: Artifact 'myfaces-impl' was found in version '2.2.15' from path 'file:/C:/Program Files/Fortra/GoAnywhere/lib/myfaces-impl-2.2.15.jar'
Mar 01, 2024 7:35:11 PM org.apache.myfaces.config.LogMetaInfUtils logArtifact
INFO: Artifact 'tomahawk20' was found in version '1.1.14' from path 'file:/C:/Program Files/Fortra/GoAnywhere/lib/tomahawk20-1.1.14.jar'
Mar 01, 2024 7:35:11 PM org.apache.myfaces.util.ExternalSpecifications isCDIAvailable
INFO: MyFaces CDI support disabled
Mar 01, 2024 7:35:11 PM org.apache.myfaces.spi.impl.DefaultInjectionProviderFactory getInjectionProvider
INFO: Using InjectionProvider org.apache.myfaces.spi.impl.Tomcat7AnnotationInjectionProvider
Mar 01, 2024 7:35:11 PM org.apache.myfaces.util.ExternalSpecifications isBeanValidationAvailable
INFO: MyFaces Bean Validation support disabled
Mar 01, 2024 7:35:11 PM org.apache.myfaces.config.FacesConfigurator handleSerialFactory
INFO: Serialization provider : class org.apache.myfaces.shared_impl.util.serial.DefaultSerialFactory
Mar 01, 2024 7:35:11 PM org.apache.myfaces.config.annotation.DefaultLifecycleProviderFactory getLifecycleProvider
INFO: Using LifecycleProvider org.apache.myfaces.config.annotation.Tomcat7AnnotationLifecycleProvider
Mar 01, 2024 7:35:11 PM org.primefaces.webapp.PostConstructApplicationEventListener processEvent
INFO: Running on PrimeFaces 7.0.14
Mar 01, 2024 7:35:11 PM org.primefaces.extensions.application.PostConstructApplicationEventListener processEvent
INFO: Running on PrimeFaces Extensions 7.0.1
Mar 01, 2024 7:35:11 PM org.apache.myfaces.webapp.AbstractFacesInitializer initFaces
INFO: ServletContext initialized.
Mar 01, 2024 7:35:11 PM org.apache.myfaces.util.ExternalSpecifications isUnifiedELAvailable
INFO: MyFaces Unified EL support enabled
Mar 01, 2024 7:35:11 PM org.apache.myfaces.view.facelets.ViewPoolProcessor initialize
INFO: org.apache.myfaces.CACHE_EL_EXPRESSIONS web config parameter is set to "noCache". To enable view pooling this param must be set to "alwaysRecompile". View Pooling disabled.
Mar 01, 2024 7:35:11 PM org.apache.myfaces.webapp.StartupServletContextListener contextInitialized
INFO: MyFaces Core has started, it took [1969] ms.
Mar 01, 2024 7:35:11 PM com.linoma.ga.ws.soap.ext.SecureFormWSServletContextListener contextInitialized
INFO: WSSERVLET12: JAX-WS context listener initializing
Mar 01, 2024 7:35:12 PM com.sun.xml.ws.transport.http.servlet.WSServletDelegate <init>
INFO: WSSERVLET14: JAX-WS servlet initializing
Mar 01, 2024 7:35:12 PM org.apache.tomcat.util.descriptor.web.SecurityConstraint handleOmittedMethods
SEVERE: For security constraints with URL pattern [/*] the HTTP methods [HEAD POST GET] are uncovered.
Mar 01, 2024 7:35:12 PM org.apache.tomcat.util.descriptor.web.SecurityConstraint handleOmittedMethods
SEVERE: For security constraints with URL pattern [/rest/*] the HTTP methods [HEAD DELETE POST GET PUT] are uncovered.
Mar 01, 2024 7:35:12 PM org.apache.coyote.AbstractProtocol start
INFO: Starting ProtocolHandler ["https-jsse-nio-443"]
Mar 01, 2024 7:35:12 PM org.apache.tomcat.util.net.SSLUtilBase <init>
WARNING: The JSSE TLS 1.3 implementation does not support post handshake authentication (PHA) and is therefore incompatible with optional certificate authentication
Mar 01, 2024 7:35:12 PM org.apache.tomcat.util.net.AbstractEndpoint logCertificate
INFO: Connector [https-jsse-nio-443], TLS virtual host [_default_], certificate type [UNDEFINED] configured from keystore [C:\Program Files\Fortra\GoAnywhere\tomcat\temp\mft_https_ks_15068725400148362833] using alias [key] with trust store [C:\Program Files\Fortra\GoAnywhere\tomcat\temp\mft_https_ts_15188046968106124986]
Mar 01, 2024 7:35:15 PM com.linoma.ga.ws.soap.ext.GACMDWSServletContextListener contextInitialized
INFO: WSSERVLET12: JAX-WS context listener initializing
Mar 01, 2024 7:35:15 PM com.sun.xml.ws.transport.http.DeploymentDescriptorParser getPrimaryWSDL
WARNING: Ignoring wrong wsdl=WEB-INF/webservices/GoAnywhereCommandService.wsdl. It should start with WEB-INF/wsdl. Going to generate and publish a new WSDL.
Mar 01, 2024 7:35:16 PM com.sun.xml.ws.transport.http.servlet.WSServletDelegate <init>
INFO: WSSERVLET14: JAX-WS servlet initializing
Mar 01, 2024 7:35:16 PM org.apache.myfaces.config.DefaultFacesConfigurationProvider getStandardFacesConfig
INFO: Reading standard config META-INF/standard-faces-config.xml
Mar 01, 2024 7:35:16 PM org.apache.myfaces.config.DefaultFacesConfigurationProvider getWebAppFacesConfig
INFO: Reading config /WEB-INF/faces-config.xml
Mar 01, 2024 7:35:16 PM org.apache.myfaces.config.DefaultFacesConfigurationProvider getClassloaderFacesConfig
INFO: Reading config : jar:file:/C:/Program Files/Fortra/GoAnywhere/lib/gfaces-3.3.0.jar!/META-INF/faces-config.xml
Mar 01, 2024 7:35:16 PM org.apache.myfaces.config.DefaultFacesConfigurationProvider getClassloaderFacesConfig
INFO: Reading config : jar:file:/C:/Program Files/Fortra/GoAnywhere/lib/primefaces-7.0.14.jar!/META-INF/faces-config.xml
Mar 01, 2024 7:35:16 PM org.apache.myfaces.config.DefaultFacesConfigurationProvider getClassloaderFacesConfig
INFO: Reading config : jar:file:/C:/Program Files/Fortra/GoAnywhere/lib/primefaces-extensions-7.0.1.jar!/META-INF/faces-config.xml
Mar 01, 2024 7:35:16 PM org.apache.myfaces.config.DefaultFacesConfigurationProvider getClassloaderFacesConfig
INFO: Reading config : jar:file:/C:/Program Files/Fortra/GoAnywhere/lib/tomahawk20-1.1.14.jar!/META-INF/faces-config.xml
Mar 01, 2024 7:35:16 PM org.apache.myfaces.config.DefaultFacesConfigurationProvider getContextSpecifiedFacesConfig
INFO: Reading config /WEB-INF/faces-forms.xml
Mar 01, 2024 7:35:16 PM org.apache.myfaces.config.DefaultFacesConfigurationProvider getContextSpecifiedFacesConfig
INFO: Reading config /WEB-INF/faces-navigation.xml
Mar 01, 2024 7:35:16 PM org.apache.myfaces.config.LogMetaInfUtils logArtifact
INFO: Artifact 'myfaces-api' was found in version '2.2.15' from path 'file:/C:/Program Files/Fortra/GoAnywhere/lib/myfaces-api-2.2.15.jar'
Mar 01, 2024 7:35:16 PM org.apache.myfaces.config.LogMetaInfUtils logArtifact
INFO: Artifact 'myfaces-bundle' was found in version '2.2.15' from path 'file:/C:/Program Files/Fortra/GoAnywhere/lib/myfaces-bundle-2.2.15.jar'
Mar 01, 2024 7:35:16 PM org.apache.myfaces.config.LogMetaInfUtils logArtifact
INFO: Artifact 'myfaces-impl' was found in version '2.2.15' from path 'file:/C:/Program Files/Fortra/GoAnywhere/lib/myfaces-impl-2.2.15.jar'
Mar 01, 2024 7:35:16 PM org.apache.myfaces.config.LogMetaInfUtils logArtifact
INFO: Artifact 'tomahawk20' was found in version '1.1.14' from path 'file:/C:/Program Files/Fortra/GoAnywhere/lib/tomahawk20-1.1.14.jar'
Mar 01, 2024 7:35:16 PM org.apache.myfaces.spi.impl.DefaultInjectionProviderFactory getInjectionProvider
INFO: Using InjectionProvider org.apache.myfaces.spi.impl.Tomcat7AnnotationInjectionProvider
Mar 01, 2024 7:35:16 PM org.apache.myfaces.config.FacesConfigurator handleSerialFactory
INFO: Serialization provider : class org.apache.myfaces.shared_impl.util.serial.DefaultSerialFactory
Mar 01, 2024 7:35:16 PM org.apache.myfaces.config.annotation.DefaultLifecycleProviderFactory getLifecycleProvider
INFO: Using LifecycleProvider org.apache.myfaces.config.annotation.Tomcat7AnnotationLifecycleProvider
Mar 01, 2024 7:35:16 PM org.primefaces.webapp.PostConstructApplicationEventListener processEvent
INFO: Running on PrimeFaces 7.0.14
Mar 01, 2024 7:35:16 PM org.primefaces.extensions.application.PostConstructApplicationEventListener processEvent
INFO: Running on PrimeFaces Extensions 7.0.1
Mar 01, 2024 7:35:16 PM org.apache.myfaces.webapp.AbstractFacesInitializer initFaces
INFO: ServletContext initialized.
Mar 01, 2024 7:35:16 PM org.apache.myfaces.view.facelets.ViewPoolProcessor initialize
INFO: org.apache.myfaces.CACHE_EL_EXPRESSIONS web config parameter is set to "noCache". To enable view pooling this param must be set to "alwaysRecompile". View Pooling disabled.
Mar 01, 2024 7:35:16 PM org.apache.myfaces.webapp.StartupServletContextListener contextInitialized
INFO: MyFaces Core has started, it took [922] ms.
Mar 01, 2024 7:35:16 PM org.apache.tomcat.util.descriptor.web.SecurityConstraint handleOmittedMethods
SEVERE: For security constraints with URL pattern [/*] the HTTP methods [HEAD POST GET] are uncovered.
Mar 01, 2024 7:35:16 PM org.apache.tomcat.util.descriptor.web.SecurityConstraint handleOmittedMethods
SEVERE: For security constraints with URL pattern [/rest/*] the HTTP methods [HEAD DELETE POST GET PUT] are uncovered.
Mar 01, 2024 7:35:16 PM org.apache.catalina.startup.HostConfig deployDirectory
INFO: Deploying web application directory [C:\Program Files\Fortra\GoAnywhere\tomcat\webapps\ROOT]
Mar 01, 2024 7:35:17 PM org.apache.myfaces.ee6.MyFacesContainerInitializer onStartup
INFO: Added FacesServlet with mappings=[/faces/*, *.jsf, *.faces]
Mar 01, 2024 7:35:17 PM org.apache.tomcat.util.descriptor.web.SecurityConstraint handleOmittedMethods
SEVERE: For security constraints with URL pattern [/*] the HTTP methods [HEAD POST GET] are uncovered.
Mar 01, 2024 7:35:17 PM org.apache.tomcat.util.descriptor.web.SecurityConstraint handleOmittedMethods
SEVERE: For security constraints with URL pattern [/rest/*] the HTTP methods [HEAD DELETE POST GET PUT] are uncovered.
Mar 01, 2024 7:35:17 PM org.apache.catalina.startup.HostConfig deployDirectory
INFO: Deployment of web application directory [C:\Program Files\Fortra\GoAnywhere\tomcat\webapps\ROOT] has finished in [172] ms
Mar 01, 2024 7:35:17 PM org.apache.coyote.AbstractProtocol start
INFO: Starting ProtocolHandler ["http-nio-8000"]
Mar 01, 2024 7:35:17 PM org.apache.coyote.AbstractProtocol start
INFO: Starting ProtocolHandler ["https-jsse-nio-8001"]
Mar 01, 2024 7:35:17 PM org.apache.catalina.startup.Catalina start
INFO: Server startup in [10149] milliseconds
Mar 01, 2024 7:35:39 PM javax.faces.component._ExternalSpecifications isBeanValidationAvailable
INFO: MyFaces Bean Validation support disabled
Mar 01, 2024 7:36:44 PM org.apache.catalina.core.StandardServer await
INFO: A valid shutdown command was received via the shutdown port. Stopping the Server instance.
Mar 01, 2024 7:36:44 PM org.apache.coyote.AbstractProtocol pause
INFO: Pausing ProtocolHandler ["http-nio-8000"]
Mar 01, 2024 7:36:44 PM org.apache.coyote.AbstractProtocol pause
INFO: Pausing ProtocolHandler ["https-jsse-nio-8001"]
Mar 01, 2024 7:36:44 PM org.apache.catalina.core.StandardService stopInternal
INFO: Stopping service [admin]
Mar 01, 2024 7:36:44 PM com.sun.xml.ws.transport.http.servlet.WSServletDelegate destroy
INFO: WSSERVLET15: JAX-WS servlet destroyed
Mar 01, 2024 7:36:44 PM com.linoma.ga.ws.soap.ext.GACMDWSServletContextListener contextDestroyed
INFO: WSSERVLET13: JAX-WS context listener destroyed
Mar 01, 2024 7:36:44 PM org.apache.coyote.AbstractProtocol pause
INFO: Pausing ProtocolHandler ["https-jsse-nio-443"]
Mar 01, 2024 7:36:44 PM org.apache.catalina.core.StandardService stopInternal
INFO: Stopping service [ghttps]
Mar 01, 2024 7:36:44 PM com.sun.xml.ws.transport.http.servlet.WSServletDelegate destroy
INFO: WSSERVLET15: JAX-WS servlet destroyed
Mar 01, 2024 7:36:44 PM com.linoma.ga.ws.soap.ext.SecureFormWSServletContextListener contextDestroyed
INFO: WSSERVLET13: JAX-WS context listener destroyed
Mar 01, 2024 7:36:44 PM org.apache.coyote.AbstractProtocol stop
INFO: Stopping ProtocolHandler ["https-jsse-nio-443"]
Mar 01, 2024 7:36:45 PM org.apache.catalina.loader.WebappClassLoaderBase clearReferencesThreads
WARNING: The web application [goanywhere] appears to have started a thread named [goanywhere-GlobalLog-1] but has failed to stop it. This is very likely to create a memory leak. Stack trace of thread:
 java.base@11.0.20/jdk.internal.misc.Unsafe.park(Native Method)
 java.base@11.0.20/java.util.concurrent.locks.LockSupport.parkNanos(LockSupport.java:234)
 java.base@11.0.20/java.util.concurrent.locks.AbstractQueuedSynchronizer$ConditionObject.awaitNanos(AbstractQueuedSynchronizer.java:2123)
 java.base@11.0.20/java.util.concurrent.ScheduledThreadPoolExecutor$DelayedWorkQueue.take(ScheduledThreadPoolExecutor.java:1182)
 java.base@11.0.20/java.util.concurrent.ScheduledThreadPoolExecutor$DelayedWorkQueue.take(ScheduledThreadPoolExecutor.java:899)
 java.base@11.0.20/java.util.concurrent.ThreadPoolExecutor.getTask(ThreadPoolExecutor.java:1054)
 java.base@11.0.20/java.util.concurrent.ThreadPoolExecutor.runWorker(ThreadPoolExecutor.java:1114)
 java.base@11.0.20/java.util.concurrent.ThreadPoolExecutor$Worker.run(ThreadPoolExecutor.java:628)
 java.base@11.0.20/java.lang.Thread.run(Thread.java:829)
Mar 01, 2024 7:36:45 PM org.apache.coyote.AbstractProtocol stop
INFO: Stopping ProtocolHandler ["http-nio-8000"]
Mar 01, 2024 7:36:45 PM org.apache.coyote.AbstractProtocol stop
INFO: Stopping ProtocolHandler ["https-jsse-nio-8001"]
Mar 01, 2024 7:36:45 PM org.apache.coyote.AbstractProtocol destroy
INFO: Destroying ProtocolHandler ["http-nio-8000"]
Mar 01, 2024 7:36:45 PM org.apache.coyote.AbstractProtocol destroy
INFO: Destroying ProtocolHandler ["https-jsse-nio-8001"]

2024-03-01 19:36:46 Commons Daemon procrun stderr initialized
WARNING: An illegal reflective access operation has occurred
WARNING: Illegal reflective access by com.linoma.security.commons.credential.key.store.KeyStoreFactory (file:/C:/Program Files/Fortra/GoAnywhere/lib/linoma-security-commons-1.3.1.jar) to constructor sun.security.provider.Sun()
WARNING: Please consider reporting this to the maintainers of com.linoma.security.commons.credential.key.store.KeyStoreFactory
WARNING: Use --illegal-access=warn to enable warnings of further illegal reflective access operations
WARNING: All illegal access operations will be denied in a future release
Mar 01, 2024 7:36:53 PM org.apache.tomcat.util.digester.SetPropertiesRule begin
WARNING: Match [Server/Service/Connector] failed to set property [forceIDPLogin] to [false]
Mar 01, 2024 7:36:53 PM org.apache.tomcat.util.digester.SetPropertiesRule begin
WARNING: Match [Server/Service/Connector] failed to set property [gaRedirect] to [true]
Mar 01, 2024 7:36:53 PM org.apache.tomcat.util.digester.SetPropertiesRule begin
WARNING: Match [Server/Service/Connector] failed to set property [gaRedirectHost] to [vm-goanywhere1]
Mar 01, 2024 7:36:53 PM org.apache.tomcat.util.digester.SetPropertiesRule begin
WARNING: Match [Server/Service/Connector] failed to set property [gaRedirectPort] to [8001]
Mar 01, 2024 7:36:53 PM org.apache.tomcat.util.digester.SetPropertiesRule begin
WARNING: Match [Server/Service/Connector] failed to set property [gaRedirectScheme] to [https]
Mar 01, 2024 7:36:53 PM org.apache.tomcat.util.digester.SetPropertiesRule begin
WARNING: Match [Server/Service/Connector] failed to set property [keyLocation] to [File]
Mar 01, 2024 7:36:53 PM org.apache.tomcat.util.digester.SetPropertiesRule begin
WARNING: Match [Server/Service/Connector] failed to set property [forceIDPLogin] to [false]
Mar 01, 2024 7:36:53 PM org.apache.tomcat.util.digester.SetPropertiesRule begin
WARNING: Match [Server/Service/Connector] failed to set property [gaRedirect] to [false]
Mar 01, 2024 7:36:53 PM org.apache.tomcat.util.digester.SetPropertiesRule begin
WARNING: Match [Server/Service/Connector] failed to set property [keyLocation] to [KeyVault]
Mar 01, 2024 7:36:53 PM org.apache.tomcat.util.digester.SetPropertiesRule begin
WARNING: Match [Server/Service/Connector] failed to set property [keyName] to [atricure_wildcard]
Mar 01, 2024 7:36:53 PM org.apache.tomcat.util.net.SSLHostConfig setProtocols
WARNING: The protocol [TLSv1.3] was added to the list of protocols on the SSLHostConfig named [_default_]. Check if a +/- prefix is missing.
Mar 01, 2024 7:36:53 PM org.apache.coyote.AbstractProtocol init
INFO: Initializing ProtocolHandler ["http-nio-8000"]
Mar 01, 2024 7:36:53 PM org.apache.coyote.AbstractProtocol init
INFO: Initializing ProtocolHandler ["https-jsse-nio-8001"]
Mar 01, 2024 7:36:54 PM org.apache.tomcat.util.net.SSLUtilBase <init>
WARNING: The JSSE TLS 1.3 implementation does not support post handshake authentication (PHA) and is therefore incompatible with optional certificate authentication
Mar 01, 2024 7:36:54 PM org.apache.tomcat.util.net.AbstractEndpoint logCertificate
INFO: Connector [https-jsse-nio-8001], TLS virtual host [_default_], certificate type [UNDEFINED] configured from keystore [C:\Program Files\Fortra\GoAnywhere\tomcat\temp\mft_admin_ks_15517953254576402944] using alias [key] with trust store [C:\Program Files\Fortra\GoAnywhere\tomcat\temp\mft_admin_ts_11376427650733424993]
Mar 01, 2024 7:36:54 PM org.apache.catalina.startup.Catalina load
INFO: Server initialization in [1546] milliseconds
Mar 01, 2024 7:36:54 PM org.apache.catalina.core.StandardService startInternal
INFO: Starting service [admin]
Mar 01, 2024 7:36:54 PM org.apache.catalina.core.StandardEngine startInternal
INFO: Starting Servlet engine: [Apache Tomcat/9.0.83]
Mar 01, 2024 7:36:56 PM org.apache.tomcat.util.net.SSLHostConfig setProtocols
WARNING: The protocol [TLSv1.3] was added to the list of protocols on the SSLHostConfig named [_default_]. Check if a +/- prefix is missing.
Mar 01, 2024 7:36:57 PM org.apache.coyote.AbstractProtocol init
INFO: Initializing ProtocolHandler ["https-jsse-nio-443"]
Mar 01, 2024 7:36:57 PM org.apache.catalina.core.StandardService startInternal
INFO: Starting service [ghttps]
Mar 01, 2024 7:36:57 PM org.apache.catalina.core.StandardEngine startInternal
INFO: Starting Servlet engine: [Apache Tomcat/9.0.83]
Mar 01, 2024 7:36:57 PM org.apache.myfaces.config.DefaultFacesConfigurationProvider getStandardFacesConfig
INFO: Reading standard config META-INF/standard-faces-config.xml
Mar 01, 2024 7:36:57 PM org.apache.myfaces.config.DefaultFacesConfigurationProvider getWebAppFacesConfig
INFO: Reading config /WEB-INF/faces-config.xml
Mar 01, 2024 7:36:58 PM org.apache.myfaces.config.DefaultFacesConfigurationProvider getClassloaderFacesConfig
INFO: Reading config : jar:file:/C:/Program Files/Fortra/GoAnywhere/lib/gfaces-3.3.0.jar!/META-INF/faces-config.xml
Mar 01, 2024 7:36:58 PM org.apache.myfaces.config.DefaultFacesConfigurationProvider getClassloaderFacesConfig
INFO: Reading config : jar:file:/C:/Program Files/Fortra/GoAnywhere/lib/primefaces-7.0.14.jar!/META-INF/faces-config.xml
Mar 01, 2024 7:36:58 PM org.apache.myfaces.config.DefaultFacesConfigurationProvider getClassloaderFacesConfig
INFO: Reading config : jar:file:/C:/Program Files/Fortra/GoAnywhere/lib/primefaces-extensions-7.0.1.jar!/META-INF/faces-config.xml
Mar 01, 2024 7:36:58 PM org.apache.myfaces.config.DefaultFacesConfigurationProvider getClassloaderFacesConfig
INFO: Reading config : jar:file:/C:/Program Files/Fortra/GoAnywhere/lib/tomahawk20-1.1.14.jar!/META-INF/faces-config.xml
Mar 01, 2024 7:36:58 PM org.apache.myfaces.config.DefaultFacesConfigurationProvider getContextSpecifiedFacesConfig
INFO: Reading config /WEB-INF/faces-forms.xml
Mar 01, 2024 7:36:58 PM org.apache.myfaces.config.DefaultFacesConfigurationProvider getContextSpecifiedFacesConfig
INFO: Reading config /WEB-INF/faces-navigation.xml
Mar 01, 2024 7:36:58 PM org.apache.myfaces.config.LogMetaInfUtils logArtifact
INFO: Artifact 'myfaces-api' was found in version '2.2.15' from path 'file:/C:/Program Files/Fortra/GoAnywhere/lib/myfaces-api-2.2.15.jar'
Mar 01, 2024 7:36:58 PM org.apache.myfaces.config.LogMetaInfUtils logArtifact
INFO: Artifact 'myfaces-bundle' was found in version '2.2.15' from path 'file:/C:/Program Files/Fortra/GoAnywhere/lib/myfaces-bundle-2.2.15.jar'
Mar 01, 2024 7:36:58 PM org.apache.myfaces.config.LogMetaInfUtils logArtifact
INFO: Artifact 'myfaces-impl' was found in version '2.2.15' from path 'file:/C:/Program Files/Fortra/GoAnywhere/lib/myfaces-impl-2.2.15.jar'
Mar 01, 2024 7:36:58 PM org.apache.myfaces.config.LogMetaInfUtils logArtifact
INFO: Artifact 'tomahawk20' was found in version '1.1.14' from path 'file:/C:/Program Files/Fortra/GoAnywhere/lib/tomahawk20-1.1.14.jar'
Mar 01, 2024 7:36:58 PM org.apache.myfaces.util.ExternalSpecifications isCDIAvailable
INFO: MyFaces CDI support disabled
Mar 01, 2024 7:36:58 PM org.apache.myfaces.spi.impl.DefaultInjectionProviderFactory getInjectionProvider
INFO: Using InjectionProvider org.apache.myfaces.spi.impl.Tomcat7AnnotationInjectionProvider
Mar 01, 2024 7:36:59 PM org.apache.myfaces.util.ExternalSpecifications isBeanValidationAvailable
INFO: MyFaces Bean Validation support disabled
Mar 01, 2024 7:36:59 PM org.apache.myfaces.config.FacesConfigurator handleSerialFactory
INFO: Serialization provider : class org.apache.myfaces.shared_impl.util.serial.DefaultSerialFactory
Mar 01, 2024 7:36:59 PM org.apache.myfaces.config.annotation.DefaultLifecycleProviderFactory getLifecycleProvider
INFO: Using LifecycleProvider org.apache.myfaces.config.annotation.Tomcat7AnnotationLifecycleProvider
Mar 01, 2024 7:36:59 PM org.primefaces.webapp.PostConstructApplicationEventListener processEvent
INFO: Running on PrimeFaces 7.0.14
Mar 01, 2024 7:36:59 PM org.primefaces.extensions.application.PostConstructApplicationEventListener processEvent
INFO: Running on PrimeFaces Extensions 7.0.1
Mar 01, 2024 7:36:59 PM org.apache.myfaces.webapp.AbstractFacesInitializer initFaces
INFO: ServletContext initialized.
Mar 01, 2024 7:36:59 PM org.apache.myfaces.util.ExternalSpecifications isUnifiedELAvailable
INFO: MyFaces Unified EL support enabled
Mar 01, 2024 7:36:59 PM org.apache.myfaces.view.facelets.ViewPoolProcessor initialize
INFO: org.apache.myfaces.CACHE_EL_EXPRESSIONS web config parameter is set to "noCache". To enable view pooling this param must be set to "alwaysRecompile". View Pooling disabled.
Mar 01, 2024 7:36:59 PM org.apache.myfaces.webapp.StartupServletContextListener contextInitialized
INFO: MyFaces Core has started, it took [1895] ms.
Mar 01, 2024 7:36:59 PM com.linoma.ga.ws.soap.ext.SecureFormWSServletContextListener contextInitialized
INFO: WSSERVLET12: JAX-WS context listener initializing
Mar 01, 2024 7:36:59 PM com.sun.xml.ws.transport.http.servlet.WSServletDelegate <init>
INFO: WSSERVLET14: JAX-WS servlet initializing
Mar 01, 2024 7:36:59 PM org.apache.tomcat.util.descriptor.web.SecurityConstraint handleOmittedMethods
SEVERE: For security constraints with URL pattern [/*] the HTTP methods [HEAD POST GET] are uncovered.
Mar 01, 2024 7:36:59 PM org.apache.tomcat.util.descriptor.web.SecurityConstraint handleOmittedMethods
SEVERE: For security constraints with URL pattern [/rest/*] the HTTP methods [HEAD DELETE POST GET PUT] are uncovered.
Mar 01, 2024 7:36:59 PM org.apache.coyote.AbstractProtocol start
INFO: Starting ProtocolHandler ["https-jsse-nio-443"]
Mar 01, 2024 7:36:59 PM org.apache.tomcat.util.net.SSLUtilBase <init>
WARNING: The JSSE TLS 1.3 implementation does not support post handshake authentication (PHA) and is therefore incompatible with optional certificate authentication
Mar 01, 2024 7:37:00 PM org.apache.tomcat.util.net.AbstractEndpoint logCertificate
INFO: Connector [https-jsse-nio-443], TLS virtual host [_default_], certificate type [UNDEFINED] configured from keystore [C:\Program Files\Fortra\GoAnywhere\tomcat\temp\mft_https_ks_111041590481565468525] using alias [key] with trust store [C:\Program Files\Fortra\GoAnywhere\tomcat\temp\mft_https_ts_111051962240376393659]
Mar 01, 2024 7:37:03 PM com.linoma.ga.ws.soap.ext.GACMDWSServletContextListener contextInitialized
INFO: WSSERVLET12: JAX-WS context listener initializing
Mar 01, 2024 7:37:03 PM com.sun.xml.ws.transport.http.DeploymentDescriptorParser getPrimaryWSDL
WARNING: Ignoring wrong wsdl=WEB-INF/webservices/GoAnywhereCommandService.wsdl. It should start with WEB-INF/wsdl. Going to generate and publish a new WSDL.
Mar 01, 2024 7:37:03 PM com.sun.xml.ws.transport.http.servlet.WSServletDelegate <init>
INFO: WSSERVLET14: JAX-WS servlet initializing
Mar 01, 2024 7:37:03 PM org.apache.myfaces.config.DefaultFacesConfigurationProvider getStandardFacesConfig
INFO: Reading standard config META-INF/standard-faces-config.xml
Mar 01, 2024 7:37:03 PM org.apache.myfaces.config.DefaultFacesConfigurationProvider getWebAppFacesConfig
INFO: Reading config /WEB-INF/faces-config.xml
Mar 01, 2024 7:37:04 PM org.apache.myfaces.config.DefaultFacesConfigurationProvider getClassloaderFacesConfig
INFO: Reading config : jar:file:/C:/Program Files/Fortra/GoAnywhere/lib/gfaces-3.3.0.jar!/META-INF/faces-config.xml
Mar 01, 2024 7:37:04 PM org.apache.myfaces.config.DefaultFacesConfigurationProvider getClassloaderFacesConfig
INFO: Reading config : jar:file:/C:/Program Files/Fortra/GoAnywhere/lib/primefaces-7.0.14.jar!/META-INF/faces-config.xml
Mar 01, 2024 7:37:04 PM org.apache.myfaces.config.DefaultFacesConfigurationProvider getClassloaderFacesConfig
INFO: Reading config : jar:file:/C:/Program Files/Fortra/GoAnywhere/lib/primefaces-extensions-7.0.1.jar!/META-INF/faces-config.xml
Mar 01, 2024 7:37:04 PM org.apache.myfaces.config.DefaultFacesConfigurationProvider getClassloaderFacesConfig
INFO: Reading config : jar:file:/C:/Program Files/Fortra/GoAnywhere/lib/tomahawk20-1.1.14.jar!/META-INF/faces-config.xml
Mar 01, 2024 7:37:04 PM org.apache.myfaces.config.DefaultFacesConfigurationProvider getContextSpecifiedFacesConfig
INFO: Reading config /WEB-INF/faces-forms.xml
Mar 01, 2024 7:37:04 PM org.apache.myfaces.config.DefaultFacesConfigurationProvider getContextSpecifiedFacesConfig
INFO: Reading config /WEB-INF/faces-navigation.xml
Mar 01, 2024 7:37:04 PM org.apache.myfaces.config.LogMetaInfUtils logArtifact
INFO: Artifact 'myfaces-api' was found in version '2.2.15' from path 'file:/C:/Program Files/Fortra/GoAnywhere/lib/myfaces-api-2.2.15.jar'
Mar 01, 2024 7:37:04 PM org.apache.myfaces.config.LogMetaInfUtils logArtifact
INFO: Artifact 'myfaces-bundle' was found in version '2.2.15' from path 'file:/C:/Program Files/Fortra/GoAnywhere/lib/myfaces-bundle-2.2.15.jar'
Mar 01, 2024 7:37:04 PM org.apache.myfaces.config.LogMetaInfUtils logArtifact
INFO: Artifact 'myfaces-impl' was found in version '2.2.15' from path 'file:/C:/Program Files/Fortra/GoAnywhere/lib/myfaces-impl-2.2.15.jar'
Mar 01, 2024 7:37:04 PM org.apache.myfaces.config.LogMetaInfUtils logArtifact
INFO: Artifact 'tomahawk20' was found in version '1.1.14' from path 'file:/C:/Program Files/Fortra/GoAnywhere/lib/tomahawk20-1.1.14.jar'
Mar 01, 2024 7:37:04 PM org.apache.myfaces.spi.impl.DefaultInjectionProviderFactory getInjectionProvider
INFO: Using InjectionProvider org.apache.myfaces.spi.impl.Tomcat7AnnotationInjectionProvider
Mar 01, 2024 7:37:04 PM org.apache.myfaces.config.FacesConfigurator handleSerialFactory
INFO: Serialization provider : class org.apache.myfaces.shared_impl.util.serial.DefaultSerialFactory
Mar 01, 2024 7:37:04 PM org.apache.myfaces.config.annotation.DefaultLifecycleProviderFactory getLifecycleProvider
INFO: Using LifecycleProvider org.apache.myfaces.config.annotation.Tomcat7AnnotationLifecycleProvider
Mar 01, 2024 7:37:04 PM org.primefaces.webapp.PostConstructApplicationEventListener processEvent
INFO: Running on PrimeFaces 7.0.14
Mar 01, 2024 7:37:04 PM org.primefaces.extensions.application.PostConstructApplicationEventListener processEvent
INFO: Running on PrimeFaces Extensions 7.0.1
Mar 01, 2024 7:37:04 PM org.apache.myfaces.webapp.AbstractFacesInitializer initFaces
INFO: ServletContext initialized.
Mar 01, 2024 7:37:04 PM org.apache.myfaces.view.facelets.ViewPoolProcessor initialize
INFO: org.apache.myfaces.CACHE_EL_EXPRESSIONS web config parameter is set to "noCache". To enable view pooling this param must be set to "alwaysRecompile". View Pooling disabled.
Mar 01, 2024 7:37:04 PM org.apache.myfaces.webapp.StartupServletContextListener contextInitialized
INFO: MyFaces Core has started, it took [875] ms.
Mar 01, 2024 7:37:04 PM org.apache.tomcat.util.descriptor.web.SecurityConstraint handleOmittedMethods
SEVERE: For security constraints with URL pattern [/*] the HTTP methods [HEAD POST GET] are uncovered.
Mar 01, 2024 7:37:04 PM org.apache.tomcat.util.descriptor.web.SecurityConstraint handleOmittedMethods
SEVERE: For security constraints with URL pattern [/rest/*] the HTTP methods [HEAD DELETE POST GET PUT] are uncovered.
Mar 01, 2024 7:37:04 PM org.apache.catalina.startup.HostConfig deployDirectory
INFO: Deploying web application directory [C:\Program Files\Fortra\GoAnywhere\tomcat\webapps\ROOT]
Mar 01, 2024 7:37:04 PM org.apache.myfaces.ee6.MyFacesContainerInitializer onStartup
INFO: Added FacesServlet with mappings=[/faces/*, *.jsf, *.faces]
Mar 01, 2024 7:37:04 PM org.apache.tomcat.util.descriptor.web.SecurityConstraint handleOmittedMethods
SEVERE: For security constraints with URL pattern [/*] the HTTP methods [HEAD POST GET] are uncovered.
Mar 01, 2024 7:37:04 PM org.apache.tomcat.util.descriptor.web.SecurityConstraint handleOmittedMethods
SEVERE: For security constraints with URL pattern [/rest/*] the HTTP methods [HEAD DELETE POST GET PUT] are uncovered.
Mar 01, 2024 7:37:04 PM org.apache.catalina.startup.HostConfig deployDirectory
INFO: Deployment of web application directory [C:\Program Files\Fortra\GoAnywhere\tomcat\webapps\ROOT] has finished in [172] ms
Mar 01, 2024 7:37:04 PM org.apache.coyote.AbstractProtocol start
INFO: Starting ProtocolHandler ["http-nio-8000"]
Mar 01, 2024 7:37:04 PM org.apache.coyote.AbstractProtocol start
INFO: Starting ProtocolHandler ["https-jsse-nio-8001"]
Mar 01, 2024 7:37:04 PM org.apache.catalina.startup.Catalina start
INFO: Server startup in [9790] milliseconds
Mar 01, 2024 7:37:39 PM javax.faces.component._ExternalSpecifications isBeanValidationAvailable
INFO: MyFaces Bean Validation support disabled
Mar 01, 2024 7:51:03 PM org.apache.catalina.core.StandardServer await
INFO: A valid shutdown command was received via the shutdown port. Stopping the Server instance.
Mar 01, 2024 7:51:03 PM org.apache.coyote.AbstractProtocol pause
INFO: Pausing ProtocolHandler ["http-nio-8000"]
Mar 01, 2024 7:51:03 PM org.apache.coyote.AbstractProtocol pause
INFO: Pausing ProtocolHandler ["https-jsse-nio-8001"]
Mar 01, 2024 7:51:03 PM org.apache.catalina.core.StandardService stopInternal
INFO: Stopping service [admin]
Mar 01, 2024 7:51:03 PM com.sun.xml.ws.transport.http.servlet.WSServletDelegate destroy
INFO: WSSERVLET15: JAX-WS servlet destroyed
Mar 01, 2024 7:51:03 PM com.linoma.ga.ws.soap.ext.GACMDWSServletContextListener contextDestroyed
INFO: WSSERVLET13: JAX-WS context listener destroyed
Mar 01, 2024 7:51:03 PM org.apache.coyote.AbstractProtocol pause
INFO: Pausing ProtocolHandler ["https-jsse-nio-443"]
Mar 01, 2024 7:51:03 PM org.apache.catalina.core.StandardService stopInternal
INFO: Stopping service [ghttps]
Mar 01, 2024 7:51:03 PM com.sun.xml.ws.transport.http.servlet.WSServletDelegate destroy
INFO: WSSERVLET15: JAX-WS servlet destroyed
Mar 01, 2024 7:51:03 PM com.linoma.ga.ws.soap.ext.SecureFormWSServletContextListener contextDestroyed
INFO: WSSERVLET13: JAX-WS context listener destroyed
Mar 01, 2024 7:51:03 PM org.apache.coyote.AbstractProtocol stop
INFO: Stopping ProtocolHandler ["https-jsse-nio-443"]
Mar 01, 2024 7:51:05 PM org.apache.catalina.loader.WebappClassLoaderBase clearReferencesThreads
WARNING: The web application [goanywhere] appears to have started a thread named [goanywhere-GlobalLog-1] but has failed to stop it. This is very likely to create a memory leak. Stack trace of thread:
 java.base@11.0.20/jdk.internal.misc.Unsafe.park(Native Method)
 java.base@11.0.20/java.util.concurrent.locks.LockSupport.parkNanos(LockSupport.java:234)
 java.base@11.0.20/java.util.concurrent.locks.AbstractQueuedSynchronizer$ConditionObject.awaitNanos(AbstractQueuedSynchronizer.java:2123)
 java.base@11.0.20/java.util.concurrent.ScheduledThreadPoolExecutor$DelayedWorkQueue.take(ScheduledThreadPoolExecutor.java:1182)
 java.base@11.0.20/java.util.concurrent.ScheduledThreadPoolExecutor$DelayedWorkQueue.take(ScheduledThreadPoolExecutor.java:899)
 java.base@11.0.20/java.util.concurrent.ThreadPoolExecutor.getTask(ThreadPoolExecutor.java:1054)
 java.base@11.0.20/java.util.concurrent.ThreadPoolExecutor.runWorker(ThreadPoolExecutor.java:1114)
 java.base@11.0.20/java.util.concurrent.ThreadPoolExecutor$Worker.run(ThreadPoolExecutor.java:628)
 java.base@11.0.20/java.lang.Thread.run(Thread.java:829)
Mar 01, 2024 7:51:05 PM org.apache.catalina.loader.WebappClassLoaderBase clearReferencesThreads
WARNING: The web application [goanywhere] appears to have started a thread named [ConfigurationHistoryEventHandler-2] but has failed to stop it. This is very likely to create a memory leak. Stack trace of thread:
 java.base@11.0.20/jdk.internal.misc.Unsafe.unpark(Native Method)
 java.base@11.0.20/java.util.concurrent.locks.LockSupport.unpark(LockSupport.java:160)
 java.base@11.0.20/java.util.concurrent.FutureTask.finishCompletion(FutureTask.java:369)
 java.base@11.0.20/java.util.concurrent.FutureTask.set(FutureTask.java:232)
 java.base@11.0.20/java.util.concurrent.FutureTask.run(FutureTask.java:272)
 java.base@11.0.20/java.util.concurrent.ScheduledThreadPoolExecutor$ScheduledFutureTask.run(ScheduledThreadPoolExecutor.java:304)
 java.base@11.0.20/java.util.concurrent.ThreadPoolExecutor.runWorker(ThreadPoolExecutor.java:1128)
 java.base@11.0.20/java.util.concurrent.ThreadPoolExecutor$Worker.run(ThreadPoolExecutor.java:628)
 java.base@11.0.20/java.lang.Thread.run(Thread.java:829)
Mar 01, 2024 7:51:05 PM org.apache.coyote.AbstractProtocol stop
INFO: Stopping ProtocolHandler ["http-nio-8000"]
Mar 01, 2024 7:51:05 PM org.apache.coyote.AbstractProtocol stop
INFO: Stopping ProtocolHandler ["https-jsse-nio-8001"]
Mar 01, 2024 7:51:05 PM org.apache.coyote.AbstractProtocol destroy
INFO: Destroying ProtocolHandler ["http-nio-8000"]
Mar 01, 2024 7:51:05 PM org.apache.coyote.AbstractProtocol destroy
INFO: Destroying ProtocolHandler ["https-jsse-nio-8001"]

2024-03-01 20:00:57 Commons Daemon procrun stderr initialized
WARNING: An illegal reflective access operation has occurred
WARNING: Illegal reflective access by com.linoma.security.commons.credential.key.store.KeyStoreFactory (file:/C:/Program Files/Fortra/GoAnywhere/lib/linoma-security-commons-1.3.1.jar) to constructor sun.security.provider.Sun()
WARNING: Please consider reporting this to the maintainers of com.linoma.security.commons.credential.key.store.KeyStoreFactory
WARNING: Use --illegal-access=warn to enable warnings of further illegal reflective access operations
WARNING: All illegal access operations will be denied in a future release
Mar 01, 2024 8:01:04 PM org.apache.tomcat.util.digester.SetPropertiesRule begin
WARNING: Match [Server/Service/Connector] failed to set property [forceIDPLogin] to [false]
Mar 01, 2024 8:01:04 PM org.apache.tomcat.util.digester.SetPropertiesRule begin
WARNING: Match [Server/Service/Connector] failed to set property [gaRedirect] to [true]
Mar 01, 2024 8:01:04 PM org.apache.tomcat.util.digester.SetPropertiesRule begin
WARNING: Match [Server/Service/Connector] failed to set property [gaRedirectHost] to [vm-goanywhere1]
Mar 01, 2024 8:01:04 PM org.apache.tomcat.util.digester.SetPropertiesRule begin
WARNING: Match [Server/Service/Connector] failed to set property [gaRedirectPort] to [8001]
Mar 01, 2024 8:01:04 PM org.apache.tomcat.util.digester.SetPropertiesRule begin
WARNING: Match [Server/Service/Connector] failed to set property [gaRedirectScheme] to [https]
Mar 01, 2024 8:01:04 PM org.apache.tomcat.util.digester.SetPropertiesRule begin
WARNING: Match [Server/Service/Connector] failed to set property [keyLocation] to [File]
Mar 01, 2024 8:01:04 PM org.apache.tomcat.util.digester.SetPropertiesRule begin
WARNING: Match [Server/Service/Connector] failed to set property [forceIDPLogin] to [false]
Mar 01, 2024 8:01:04 PM org.apache.tomcat.util.digester.SetPropertiesRule begin
WARNING: Match [Server/Service/Connector] failed to set property [gaRedirect] to [false]
Mar 01, 2024 8:01:04 PM org.apache.tomcat.util.digester.SetPropertiesRule begin
WARNING: Match [Server/Service/Connector] failed to set property [keyLocation] to [KeyVault]
Mar 01, 2024 8:01:04 PM org.apache.tomcat.util.digester.SetPropertiesRule begin
WARNING: Match [Server/Service/Connector] failed to set property [keyName] to [atricure_wildcard]
Mar 01, 2024 8:01:04 PM org.apache.tomcat.util.net.SSLHostConfig setProtocols
WARNING: The protocol [TLSv1.3] was added to the list of protocols on the SSLHostConfig named [_default_]. Check if a +/- prefix is missing.
Mar 01, 2024 8:01:05 PM org.apache.coyote.AbstractProtocol init
INFO: Initializing ProtocolHandler ["http-nio-8000"]
Mar 01, 2024 8:01:05 PM org.apache.coyote.AbstractProtocol init
INFO: Initializing ProtocolHandler ["https-jsse-nio-8001"]
Mar 01, 2024 8:01:05 PM org.apache.tomcat.util.net.SSLUtilBase <init>
WARNING: The JSSE TLS 1.3 implementation does not support post handshake authentication (PHA) and is therefore incompatible with optional certificate authentication
Mar 01, 2024 8:01:05 PM org.apache.tomcat.util.net.AbstractEndpoint logCertificate
INFO: Connector [https-jsse-nio-8001], TLS virtual host [_default_], certificate type [UNDEFINED] configured from keystore [C:\Program Files\Fortra\GoAnywhere\tomcat\temp\mft_admin_ks_4769177915053995037] using alias [key] with trust store [C:\Program Files\Fortra\GoAnywhere\tomcat\temp\mft_admin_ts_7299410751220724070]
Mar 01, 2024 8:01:05 PM org.apache.catalina.startup.Catalina load
INFO: Server initialization in [1496] milliseconds
Mar 01, 2024 8:01:10 PM org.apache.catalina.core.StandardService startInternal
INFO: Starting service [admin]
Mar 01, 2024 8:01:10 PM org.apache.catalina.core.StandardEngine startInternal
INFO: Starting Servlet engine: [Apache Tomcat/9.0.83]
Mar 01, 2024 8:01:12 PM org.apache.tomcat.util.net.SSLHostConfig setProtocols
WARNING: The protocol [TLSv1.3] was added to the list of protocols on the SSLHostConfig named [_default_]. Check if a +/- prefix is missing.
Mar 01, 2024 8:01:12 PM org.apache.coyote.AbstractProtocol init
INFO: Initializing ProtocolHandler ["https-jsse-nio-443"]
Mar 01, 2024 8:01:12 PM org.apache.catalina.core.StandardService startInternal
INFO: Starting service [ghttps]
Mar 01, 2024 8:01:12 PM org.apache.catalina.core.StandardEngine startInternal
INFO: Starting Servlet engine: [Apache Tomcat/9.0.83]
Mar 01, 2024 8:01:12 PM org.apache.myfaces.config.DefaultFacesConfigurationProvider getStandardFacesConfig
INFO: Reading standard config META-INF/standard-faces-config.xml
Mar 01, 2024 8:01:13 PM org.apache.myfaces.config.DefaultFacesConfigurationProvider getWebAppFacesConfig
INFO: Reading config /WEB-INF/faces-config.xml
Mar 01, 2024 8:01:14 PM org.apache.myfaces.config.DefaultFacesConfigurationProvider getClassloaderFacesConfig
INFO: Reading config : jar:file:/C:/Program Files/Fortra/GoAnywhere/lib/gfaces-3.3.0.jar!/META-INF/faces-config.xml
Mar 01, 2024 8:01:14 PM org.apache.myfaces.config.DefaultFacesConfigurationProvider getClassloaderFacesConfig
INFO: Reading config : jar:file:/C:/Program Files/Fortra/GoAnywhere/lib/primefaces-7.0.14.jar!/META-INF/faces-config.xml
Mar 01, 2024 8:01:14 PM org.apache.myfaces.config.DefaultFacesConfigurationProvider getClassloaderFacesConfig
INFO: Reading config : jar:file:/C:/Program Files/Fortra/GoAnywhere/lib/primefaces-extensions-7.0.1.jar!/META-INF/faces-config.xml
Mar 01, 2024 8:01:14 PM org.apache.myfaces.config.DefaultFacesConfigurationProvider getClassloaderFacesConfig
INFO: Reading config : jar:file:/C:/Program Files/Fortra/GoAnywhere/lib/tomahawk20-1.1.14.jar!/META-INF/faces-config.xml
Mar 01, 2024 8:01:14 PM org.apache.myfaces.config.DefaultFacesConfigurationProvider getContextSpecifiedFacesConfig
INFO: Reading config /WEB-INF/faces-forms.xml
Mar 01, 2024 8:01:14 PM org.apache.myfaces.config.DefaultFacesConfigurationProvider getContextSpecifiedFacesConfig
INFO: Reading config /WEB-INF/faces-navigation.xml
Mar 01, 2024 8:01:14 PM org.apache.myfaces.config.LogMetaInfUtils logArtifact
INFO: Artifact 'myfaces-api' was found in version '2.2.15' from path 'file:/C:/Program Files/Fortra/GoAnywhere/lib/myfaces-api-2.2.15.jar'
Mar 01, 2024 8:01:14 PM org.apache.myfaces.config.LogMetaInfUtils logArtifact
INFO: Artifact 'myfaces-bundle' was found in version '2.2.15' from path 'file:/C:/Program Files/Fortra/GoAnywhere/lib/myfaces-bundle-2.2.15.jar'
Mar 01, 2024 8:01:14 PM org.apache.myfaces.config.LogMetaInfUtils logArtifact
INFO: Artifact 'myfaces-impl' was found in version '2.2.15' from path 'file:/C:/Program Files/Fortra/GoAnywhere/lib/myfaces-impl-2.2.15.jar'
Mar 01, 2024 8:01:14 PM org.apache.myfaces.config.LogMetaInfUtils logArtifact
INFO: Artifact 'tomahawk20' was found in version '1.1.14' from path 'file:/C:/Program Files/Fortra/GoAnywhere/lib/tomahawk20-1.1.14.jar'
Mar 01, 2024 8:01:14 PM org.apache.myfaces.util.ExternalSpecifications isCDIAvailable
INFO: MyFaces CDI support disabled
Mar 01, 2024 8:01:14 PM org.apache.myfaces.spi.impl.DefaultInjectionProviderFactory getInjectionProvider
INFO: Using InjectionProvider org.apache.myfaces.spi.impl.Tomcat7AnnotationInjectionProvider
Mar 01, 2024 8:01:14 PM org.apache.myfaces.util.ExternalSpecifications isBeanValidationAvailable
INFO: MyFaces Bean Validation support disabled
Mar 01, 2024 8:01:14 PM org.apache.myfaces.config.FacesConfigurator handleSerialFactory
INFO: Serialization provider : class org.apache.myfaces.shared_impl.util.serial.DefaultSerialFactory
Mar 01, 2024 8:01:14 PM org.apache.myfaces.config.annotation.DefaultLifecycleProviderFactory getLifecycleProvider
INFO: Using LifecycleProvider org.apache.myfaces.config.annotation.Tomcat7AnnotationLifecycleProvider
Mar 01, 2024 8:01:14 PM org.primefaces.webapp.PostConstructApplicationEventListener processEvent
INFO: Running on PrimeFaces 7.0.14
Mar 01, 2024 8:01:14 PM org.primefaces.extensions.application.PostConstructApplicationEventListener processEvent
INFO: Running on PrimeFaces Extensions 7.0.1
Mar 01, 2024 8:01:14 PM org.apache.myfaces.webapp.AbstractFacesInitializer initFaces
INFO: ServletContext initialized.
Mar 01, 2024 8:01:14 PM org.apache.myfaces.util.ExternalSpecifications isUnifiedELAvailable
INFO: MyFaces Unified EL support enabled
Mar 01, 2024 8:01:14 PM org.apache.myfaces.view.facelets.ViewPoolProcessor initialize
INFO: org.apache.myfaces.CACHE_EL_EXPRESSIONS web config parameter is set to "noCache". To enable view pooling this param must be set to "alwaysRecompile". View Pooling disabled.
Mar 01, 2024 8:01:14 PM org.apache.myfaces.webapp.StartupServletContextListener contextInitialized
INFO: MyFaces Core has started, it took [1828] ms.
Mar 01, 2024 8:01:14 PM com.linoma.ga.ws.soap.ext.SecureFormWSServletContextListener contextInitialized
INFO: WSSERVLET12: JAX-WS context listener initializing
Mar 01, 2024 8:01:15 PM com.sun.xml.ws.transport.http.servlet.WSServletDelegate <init>
INFO: WSSERVLET14: JAX-WS servlet initializing
Mar 01, 2024 8:01:15 PM org.apache.tomcat.util.descriptor.web.SecurityConstraint handleOmittedMethods
SEVERE: For security constraints with URL pattern [/*] the HTTP methods [HEAD POST GET] are uncovered.
Mar 01, 2024 8:01:15 PM org.apache.tomcat.util.descriptor.web.SecurityConstraint handleOmittedMethods
SEVERE: For security constraints with URL pattern [/rest/*] the HTTP methods [HEAD DELETE POST GET PUT] are uncovered.
Mar 01, 2024 8:01:15 PM org.apache.coyote.AbstractProtocol start
INFO: Starting ProtocolHandler ["https-jsse-nio-443"]
Mar 01, 2024 8:01:15 PM org.apache.tomcat.util.net.SSLUtilBase <init>
WARNING: The JSSE TLS 1.3 implementation does not support post handshake authentication (PHA) and is therefore incompatible with optional certificate authentication
Mar 01, 2024 8:01:15 PM org.apache.tomcat.util.net.AbstractEndpoint logCertificate
INFO: Connector [https-jsse-nio-443], TLS virtual host [_default_], certificate type [UNDEFINED] configured from keystore [C:\Program Files\Fortra\GoAnywhere\tomcat\temp\mft_https_ks_16288669121577482457] using alias [key] with trust store [C:\Program Files\Fortra\GoAnywhere\tomcat\temp\mft_https_ts_18944897573071621157]
Mar 01, 2024 8:01:18 PM com.linoma.ga.ws.soap.ext.GACMDWSServletContextListener contextInitialized
INFO: WSSERVLET12: JAX-WS context listener initializing
Mar 01, 2024 8:01:18 PM com.sun.xml.ws.transport.http.DeploymentDescriptorParser getPrimaryWSDL
WARNING: Ignoring wrong wsdl=WEB-INF/webservices/GoAnywhereCommandService.wsdl. It should start with WEB-INF/wsdl. Going to generate and publish a new WSDL.
Mar 01, 2024 8:01:18 PM com.sun.xml.ws.transport.http.servlet.WSServletDelegate <init>
INFO: WSSERVLET14: JAX-WS servlet initializing
Mar 01, 2024 8:01:18 PM org.apache.myfaces.config.DefaultFacesConfigurationProvider getStandardFacesConfig
INFO: Reading standard config META-INF/standard-faces-config.xml
Mar 01, 2024 8:01:18 PM org.apache.myfaces.config.DefaultFacesConfigurationProvider getWebAppFacesConfig
INFO: Reading config /WEB-INF/faces-config.xml
Mar 01, 2024 8:01:19 PM org.apache.myfaces.config.DefaultFacesConfigurationProvider getClassloaderFacesConfig
INFO: Reading config : jar:file:/C:/Program Files/Fortra/GoAnywhere/lib/gfaces-3.3.0.jar!/META-INF/faces-config.xml
Mar 01, 2024 8:01:19 PM org.apache.myfaces.config.DefaultFacesConfigurationProvider getClassloaderFacesConfig
INFO: Reading config : jar:file:/C:/Program Files/Fortra/GoAnywhere/lib/primefaces-7.0.14.jar!/META-INF/faces-config.xml
Mar 01, 2024 8:01:19 PM org.apache.myfaces.config.DefaultFacesConfigurationProvider getClassloaderFacesConfig
INFO: Reading config : jar:file:/C:/Program Files/Fortra/GoAnywhere/lib/primefaces-extensions-7.0.1.jar!/META-INF/faces-config.xml
Mar 01, 2024 8:01:19 PM org.apache.myfaces.config.DefaultFacesConfigurationProvider getClassloaderFacesConfig
INFO: Reading config : jar:file:/C:/Program Files/Fortra/GoAnywhere/lib/tomahawk20-1.1.14.jar!/META-INF/faces-config.xml
Mar 01, 2024 8:01:19 PM org.apache.myfaces.config.DefaultFacesConfigurationProvider getContextSpecifiedFacesConfig
INFO: Reading config /WEB-INF/faces-forms.xml
Mar 01, 2024 8:01:19 PM org.apache.myfaces.config.DefaultFacesConfigurationProvider getContextSpecifiedFacesConfig
INFO: Reading config /WEB-INF/faces-navigation.xml
Mar 01, 2024 8:01:19 PM org.apache.myfaces.config.LogMetaInfUtils logArtifact
INFO: Artifact 'myfaces-api' was found in version '2.2.15' from path 'file:/C:/Program Files/Fortra/GoAnywhere/lib/myfaces-api-2.2.15.jar'
Mar 01, 2024 8:01:19 PM org.apache.myfaces.config.LogMetaInfUtils logArtifact
INFO: Artifact 'myfaces-bundle' was found in version '2.2.15' from path 'file:/C:/Program Files/Fortra/GoAnywhere/lib/myfaces-bundle-2.2.15.jar'
Mar 01, 2024 8:01:19 PM org.apache.myfaces.config.LogMetaInfUtils logArtifact
INFO: Artifact 'myfaces-impl' was found in version '2.2.15' from path 'file:/C:/Program Files/Fortra/GoAnywhere/lib/myfaces-impl-2.2.15.jar'
Mar 01, 2024 8:01:19 PM org.apache.myfaces.config.LogMetaInfUtils logArtifact
INFO: Artifact 'tomahawk20' was found in version '1.1.14' from path 'file:/C:/Program Files/Fortra/GoAnywhere/lib/tomahawk20-1.1.14.jar'
Mar 01, 2024 8:01:19 PM org.apache.myfaces.spi.impl.DefaultInjectionProviderFactory getInjectionProvider
INFO: Using InjectionProvider org.apache.myfaces.spi.impl.Tomcat7AnnotationInjectionProvider
Mar 01, 2024 8:01:19 PM org.apache.myfaces.config.FacesConfigurator handleSerialFactory
INFO: Serialization provider : class org.apache.myfaces.shared_impl.util.serial.DefaultSerialFactory
Mar 01, 2024 8:01:19 PM org.apache.myfaces.config.annotation.DefaultLifecycleProviderFactory getLifecycleProvider
INFO: Using LifecycleProvider org.apache.myfaces.config.annotation.Tomcat7AnnotationLifecycleProvider
Mar 01, 2024 8:01:19 PM org.primefaces.webapp.PostConstructApplicationEventListener processEvent
INFO: Running on PrimeFaces 7.0.14
Mar 01, 2024 8:01:19 PM org.primefaces.extensions.application.PostConstructApplicationEventListener processEvent
INFO: Running on PrimeFaces Extensions 7.0.1
Mar 01, 2024 8:01:19 PM org.apache.myfaces.webapp.AbstractFacesInitializer initFaces
INFO: ServletContext initialized.
Mar 01, 2024 8:01:19 PM org.apache.myfaces.view.facelets.ViewPoolProcessor initialize
INFO: org.apache.myfaces.CACHE_EL_EXPRESSIONS web config parameter is set to "noCache". To enable view pooling this param must be set to "alwaysRecompile". View Pooling disabled.
Mar 01, 2024 8:01:19 PM org.apache.myfaces.webapp.StartupServletContextListener contextInitialized
INFO: MyFaces Core has started, it took [987] ms.
Mar 01, 2024 8:01:19 PM org.apache.tomcat.util.descriptor.web.SecurityConstraint handleOmittedMethods
SEVERE: For security constraints with URL pattern [/*] the HTTP methods [HEAD POST GET] are uncovered.
Mar 01, 2024 8:01:19 PM org.apache.tomcat.util.descriptor.web.SecurityConstraint handleOmittedMethods
SEVERE: For security constraints with URL pattern [/rest/*] the HTTP methods [HEAD DELETE POST GET PUT] are uncovered.
Mar 01, 2024 8:01:19 PM org.apache.catalina.startup.HostConfig deployDirectory
INFO: Deploying web application directory [C:\Program Files\Fortra\GoAnywhere\tomcat\webapps\ROOT]
Mar 01, 2024 8:01:19 PM org.apache.myfaces.ee6.MyFacesContainerInitializer onStartup
INFO: Added FacesServlet with mappings=[/faces/*, *.jsf, *.faces]
Mar 01, 2024 8:01:19 PM org.apache.tomcat.util.descriptor.web.SecurityConstraint handleOmittedMethods
SEVERE: For security constraints with URL pattern [/*] the HTTP methods [HEAD POST GET] are uncovered.
Mar 01, 2024 8:01:19 PM org.apache.tomcat.util.descriptor.web.SecurityConstraint handleOmittedMethods
SEVERE: For security constraints with URL pattern [/rest/*] the HTTP methods [HEAD DELETE POST GET PUT] are uncovered.
Mar 01, 2024 8:01:19 PM org.apache.catalina.startup.HostConfig deployDirectory
INFO: Deployment of web application directory [C:\Program Files\Fortra\GoAnywhere\tomcat\webapps\ROOT] has finished in [164] ms
Mar 01, 2024 8:01:19 PM org.apache.coyote.AbstractProtocol start
INFO: Starting ProtocolHandler ["http-nio-8000"]
Mar 01, 2024 8:01:19 PM org.apache.coyote.AbstractProtocol start
INFO: Starting ProtocolHandler ["https-jsse-nio-8001"]
Mar 01, 2024 8:01:19 PM org.apache.catalina.startup.Catalina start
INFO: Server startup in [9632] milliseconds
Mar 01, 2024 8:01:34 PM javax.faces.component._ExternalSpecifications isBeanValidationAvailable
INFO: MyFaces Bean Validation support disabled
Mar 05, 2024 6:57:26 PM org.apache.catalina.core.StandardServer await
INFO: A valid shutdown command was received via the shutdown port. Stopping the Server instance.
Mar 05, 2024 6:57:26 PM org.apache.coyote.AbstractProtocol pause
INFO: Pausing ProtocolHandler ["http-nio-8000"]
Mar 05, 2024 6:57:26 PM org.apache.coyote.AbstractProtocol pause
INFO: Pausing ProtocolHandler ["https-jsse-nio-8001"]
Mar 05, 2024 6:57:26 PM org.apache.catalina.core.StandardService stopInternal
INFO: Stopping service [admin]
Mar 05, 2024 6:57:27 PM com.sun.xml.ws.transport.http.servlet.WSServletDelegate destroy
INFO: WSSERVLET15: JAX-WS servlet destroyed
Mar 05, 2024 6:57:27 PM com.linoma.ga.ws.soap.ext.GACMDWSServletContextListener contextDestroyed
INFO: WSSERVLET13: JAX-WS context listener destroyed
Mar 05, 2024 6:57:27 PM org.apache.coyote.AbstractProtocol pause
INFO: Pausing ProtocolHandler ["https-jsse-nio-443"]
Mar 05, 2024 6:57:27 PM org.apache.catalina.core.StandardService stopInternal
INFO: Stopping service [ghttps]
Mar 05, 2024 6:57:27 PM com.sun.xml.ws.transport.http.servlet.WSServletDelegate destroy
INFO: WSSERVLET15: JAX-WS servlet destroyed
Mar 05, 2024 6:57:27 PM com.linoma.ga.ws.soap.ext.SecureFormWSServletContextListener contextDestroyed
INFO: WSSERVLET13: JAX-WS context listener destroyed
Mar 05, 2024 6:57:27 PM org.apache.coyote.AbstractProtocol stop
INFO: Stopping ProtocolHandler ["https-jsse-nio-443"]
Mar 05, 2024 6:57:28 PM org.apache.catalina.loader.WebappClassLoaderBase clearReferencesThreads
WARNING: The web application [goanywhere] appears to have started a thread named [goanywhere-GlobalLog-1] but has failed to stop it. This is very likely to create a memory leak. Stack trace of thread:
 java.base@11.0.20/jdk.internal.misc.Unsafe.park(Native Method)
 java.base@11.0.20/java.util.concurrent.locks.LockSupport.parkNanos(LockSupport.java:234)
 java.base@11.0.20/java.util.concurrent.locks.AbstractQueuedSynchronizer$ConditionObject.awaitNanos(AbstractQueuedSynchronizer.java:2123)
 java.base@11.0.20/java.util.concurrent.ScheduledThreadPoolExecutor$DelayedWorkQueue.take(ScheduledThreadPoolExecutor.java:1182)
 java.base@11.0.20/java.util.concurrent.ScheduledThreadPoolExecutor$DelayedWorkQueue.take(ScheduledThreadPoolExecutor.java:899)
 java.base@11.0.20/java.util.concurrent.ThreadPoolExecutor.getTask(ThreadPoolExecutor.java:1054)
 java.base@11.0.20/java.util.concurrent.ThreadPoolExecutor.runWorker(ThreadPoolExecutor.java:1114)
 java.base@11.0.20/java.util.concurrent.ThreadPoolExecutor$Worker.run(ThreadPoolExecutor.java:628)
 java.base@11.0.20/java.lang.Thread.run(Thread.java:829)
Mar 05, 2024 6:57:28 PM org.apache.catalina.loader.WebappClassLoaderBase clearReferencesThreads
WARNING: The web application [goanywhere] appears to have started a thread named [agent-proxy-1] but has failed to stop it. This is very likely to create a memory leak. Stack trace of thread:
 java.base@11.0.20/java.lang.Thread.sleep(Native Method)
 io.netty.util.concurrent.SingleThreadEventExecutor.confirmShutdown(SingleThreadEventExecutor.java:790)
 io.netty.channel.nio.NioEventLoop.run(NioEventLoop.java:596)
 io.netty.util.concurrent.SingleThreadEventExecutor$4.run(SingleThreadEventExecutor.java:997)
 io.netty.util.internal.ThreadExecutorMap$2.run(ThreadExecutorMap.java:74)
 java.base@11.0.20/java.lang.Thread.run(Thread.java:829)
Mar 05, 2024 6:57:28 PM org.apache.catalina.loader.WebappClassLoaderBase clearReferencesThreads
WARNING: The web application [goanywhere] appears to have started a thread named [agent-proxy-2] but has failed to stop it. This is very likely to create a memory leak. Stack trace of thread:
 java.base@11.0.20/java.lang.Thread.sleep(Native Method)
 io.netty.util.concurrent.SingleThreadEventExecutor.confirmShutdown(SingleThreadEventExecutor.java:790)
 io.netty.channel.nio.NioEventLoop.run(NioEventLoop.java:596)
 io.netty.util.concurrent.SingleThreadEventExecutor$4.run(SingleThreadEventExecutor.java:997)
 io.netty.util.internal.ThreadExecutorMap$2.run(ThreadExecutorMap.java:74)
 java.base@11.0.20/java.lang.Thread.run(Thread.java:829)
Mar 05, 2024 6:57:28 PM org.apache.catalina.loader.WebappClassLoaderBase clearReferencesThreads
WARNING: The web application [goanywhere] appears to have started a thread named [agent-proxy-3] but has failed to stop it. This is very likely to create a memory leak. Stack trace of thread:
 java.base@11.0.20/java.lang.Thread.sleep(Native Method)
 io.netty.util.concurrent.SingleThreadEventExecutor.confirmShutdown(SingleThreadEventExecutor.java:790)
 io.netty.channel.nio.NioEventLoop.run(NioEventLoop.java:596)
 io.netty.util.concurrent.SingleThreadEventExecutor$4.run(SingleThreadEventExecutor.java:997)
 io.netty.util.internal.ThreadExecutorMap$2.run(ThreadExecutorMap.java:74)
 java.base@11.0.20/java.lang.Thread.run(Thread.java:829)
Mar 05, 2024 6:57:28 PM org.apache.catalina.loader.WebappClassLoaderBase clearReferencesThreads
WARNING: The web application [goanywhere] appears to have started a thread named [agent-proxy-4] but has failed to stop it. This is very likely to create a memory leak. Stack trace of thread:
 java.base@11.0.20/java.lang.Thread.sleep(Native Method)
 io.netty.util.concurrent.SingleThreadEventExecutor.confirmShutdown(SingleThreadEventExecutor.java:790)
 io.netty.channel.nio.NioEventLoop.run(NioEventLoop.java:596)
 io.netty.util.concurrent.SingleThreadEventExecutor$4.run(SingleThreadEventExecutor.java:997)
 io.netty.util.internal.ThreadExecutorMap$2.run(ThreadExecutorMap.java:74)
 java.base@11.0.20/java.lang.Thread.run(Thread.java:829)
Mar 05, 2024 6:57:28 PM org.apache.catalina.loader.WebappClassLoaderBase clearReferencesThreads
WARNING: The web application [goanywhere] appears to have started a thread named [ConfigurationHistoryEventHandler-1] but has failed to stop it. This is very likely to create a memory leak. Stack trace of thread:
 java.base@11.0.20/jdk.internal.misc.Unsafe.unpark(Native Method)
 java.base@11.0.20/java.util.concurrent.locks.LockSupport.unpark(LockSupport.java:160)
 java.base@11.0.20/java.util.concurrent.FutureTask.finishCompletion(FutureTask.java:369)
 java.base@11.0.20/java.util.concurrent.FutureTask.set(FutureTask.java:232)
 java.base@11.0.20/java.util.concurrent.FutureTask.run(FutureTask.java:272)
 java.base@11.0.20/java.util.concurrent.ScheduledThreadPoolExecutor$ScheduledFutureTask.run(ScheduledThreadPoolExecutor.java:304)
 java.base@11.0.20/java.util.concurrent.ThreadPoolExecutor.runWorker(ThreadPoolExecutor.java:1128)
 java.base@11.0.20/java.util.concurrent.ThreadPoolExecutor$Worker.run(ThreadPoolExecutor.java:628)
 java.base@11.0.20/java.lang.Thread.run(Thread.java:829)
Mar 05, 2024 6:57:28 PM org.apache.coyote.AbstractProtocol stop
INFO: Stopping ProtocolHandler ["http-nio-8000"]
Mar 05, 2024 6:57:28 PM org.apache.coyote.AbstractProtocol stop
INFO: Stopping ProtocolHandler ["https-jsse-nio-8001"]
Mar 05, 2024 6:57:28 PM org.apache.coyote.AbstractProtocol destroy
INFO: Destroying ProtocolHandler ["http-nio-8000"]
Mar 05, 2024 6:57:28 PM org.apache.coyote.AbstractProtocol destroy
INFO: Destroying ProtocolHandler ["https-jsse-nio-8001"]
