
2025-09-16 00:38:02 Commons Daemon procrun stdout initialized
Loading config directory property from: C:\Program Files\Fortra\GoAnywhere\config\system.properties
Loading system properties from: C:\Program Files\Fortra\GoAnywhere\config\system.properties
Setting system property: IECompatibility.adminClient=IE=edge
Setting system property: com.linoma.sftp.client.kexProvider.BC=true
Setting system property: IECompatibility.webClient=IE=edge
DRBG required entropy bits defaulted to 256
Loading JCIFS configuration from: C:\Program Files\Fortra\GoAnywhere\config\jcifs.properties
Loading JNQ configuration from: C:\Program Files\Fortra\GoAnywhere\config\jnq.properties
Initializing global log file '\\10.150.0.8\goanywhere\userdata\logs\goanywhere.log'.
Initializing database log file '\\10.150.0.8\goanywhere\userdata\logs\database.log'.

2025-09-16 12:47:11 Commons Daemon procrun stdout initialized
Loading config directory property from: C:\Program Files\Fortra\GoAnywhere\config\system.properties
Loading system properties from: C:\Program Files\Fortra\GoAnywhere\config\system.properties
Setting system property: IECompatibility.adminClient=IE=edge
Setting system property: com.linoma.sftp.client.kexProvider.BC=true
Setting system property: IECompatibility.webClient=IE=edge
DRBG required entropy bits defaulted to 256
Loading JCIFS configuration from: C:\Program Files\Fortra\GoAnywhere\config\jcifs.properties
Loading JNQ configuration from: C:\Program Files\Fortra\GoAnywhere\config\jnq.properties
Initializing global log file '\\10.150.0.8\goanywhere\userdata\logs\goanywhere.log'.
Initializing database log file '\\10.150.0.8\goanywhere\userdata\logs\database.log'.
2025-09-17 19:36:43,845 controller-client-1 ERROR Unable to write to stream \\10.150.0.8\goanywhere\userdata\logs\goanywhere_az-pd-gomft01.log for appender FileSystemAppender org.apache.logging.log4j.core.appender.AppenderLoggingException: Error writing to stream \\10.150.0.8\goanywhere\userdata\logs\goanywhere_az-pd-gomft01.log
	at org.apache.logging.log4j.core.appender.OutputStreamManager.writeToDestination(OutputStreamManager.java:252)
	at org.apache.logging.log4j.core.appender.FileManager.writeToDestination(FileManager.java:277)
	at org.apache.logging.log4j.core.appender.rolling.RollingFileManager.writeToDestination(RollingFileManager.java:275)
	at org.apache.logging.log4j.core.appender.OutputStreamManager.flushBuffer(OutputStreamManager.java:283)
	at org.apache.logging.log4j.core.appender.OutputStreamManager.flush(OutputStreamManager.java:294)
	at org.apache.logging.log4j.core.appender.AbstractOutputStreamAppender.directEncodeEvent(AbstractOutputStreamAppender.java:199)
	at org.apache.logging.log4j.core.appender.AbstractOutputStreamAppender.tryAppend(AbstractOutputStreamAppender.java:190)
	at org.apache.logging.log4j.core.appender.AbstractOutputStreamAppender.append(AbstractOutputStreamAppender.java:181)
	at org.apache.logging.log4j.core.appender.RollingFileAppender.append(RollingFileAppender.java:312)
	at org.apache.logging.log4j.core.config.AppenderControl.tryCallAppender(AppenderControl.java:161)
	at org.apache.logging.log4j.core.config.AppenderControl.callAppender0(AppenderControl.java:134)
	at org.apache.logging.log4j.core.config.AppenderControl.callAppenderPreventRecursion(AppenderControl.java:125)
	at org.apache.logging.log4j.core.config.AppenderControl.callAppender(AppenderControl.java:89)
	at org.apache.logging.log4j.core.config.LoggerConfig.callAppenders(LoggerConfig.java:542)
	at org.apache.logging.log4j.core.config.LoggerConfig.processLogEvent(LoggerConfig.java:500)
	at org.apache.logging.log4j.core.config.LoggerConfig.log(LoggerConfig.java:483)
	at org.apache.logging.log4j.core.config.LoggerConfig.log(LoggerConfig.java:417)
	at org.apache.logging.log4j.core.config.AwaitCompletionReliabilityStrategy.log(AwaitCompletionReliabilityStrategy.java:82)
	at org.apache.logging.log4j.core.Logger.log(Logger.java:161)
	at org.apache.logging.log4j.spi.AbstractLogger.tryLogMessage(AbstractLogger.java:2205)
	at org.apache.logging.log4j.spi.AbstractLogger.logMessageTrackRecursion(AbstractLogger.java:2159)
	at org.apache.logging.log4j.spi.AbstractLogger.logMessageSafely(AbstractLogger.java:2142)
	at org.apache.logging.log4j.spi.AbstractLogger.logMessage(AbstractLogger.java:2040)
	at org.apache.logging.log4j.spi.AbstractLogger.logIfEnabled(AbstractLogger.java:1907)
	at org.apache.logging.slf4j.Log4jLogger.error(Log4jLogger.java:309)
	at com.linoma.gag.common.codec.MessageEncoder.exceptionCaught(MessageEncoder.java:67)
	at io.netty.channel.AbstractChannelHandlerContext.invokeExceptionCaught(AbstractChannelHandlerContext.java:346)
	at io.netty.channel.AbstractChannelHandlerContext.invokeExceptionCaught(AbstractChannelHandlerContext.java:325)
	at io.netty.channel.AbstractChannelHandlerContext.fireExceptionCaught(AbstractChannelHandlerContext.java:317)
	at io.netty.channel.DefaultChannelPipeline$HeadContext.exceptionCaught(DefaultChannelPipeline.java:1377)
	at io.netty.channel.AbstractChannelHandlerContext.invokeExceptionCaught(AbstractChannelHandlerContext.java:346)
	at io.netty.channel.AbstractChannelHandlerContext.invokeExceptionCaught(AbstractChannelHandlerContext.java:325)
	at io.netty.channel.DefaultChannelPipeline.fireExceptionCaught(DefaultChannelPipeline.java:907)
	at io.netty.channel.nio.AbstractNioByteChannel$NioByteUnsafe.handleReadException(AbstractNioByteChannel.java:125)
	at io.netty.channel.nio.AbstractNioByteChannel$NioByteUnsafe.read(AbstractNioByteChannel.java:177)
	at io.netty.channel.nio.NioEventLoop.processSelectedKey(NioEventLoop.java:788)
	at io.netty.channel.nio.NioEventLoop.processSelectedKeysOptimized(NioEventLoop.java:724)
	at io.netty.channel.nio.NioEventLoop.processSelectedKeys(NioEventLoop.java:650)
	at io.netty.channel.nio.NioEventLoop.run(NioEventLoop.java:562)
	at io.netty.util.concurrent.SingleThreadEventExecutor$4.run(SingleThreadEventExecutor.java:997)
	at io.netty.util.internal.ThreadExecutorMap$2.run(ThreadExecutorMap.java:74)
	at java.base/java.lang.Thread.run(Thread.java:829)
Caused by: java.io.IOException: The system cannot find the file specified
	at java.base/java.io.FileOutputStream.writeBytes(Native Method)
	at java.base/java.io.FileOutputStream.write(FileOutputStream.java:354)
	at org.apache.logging.log4j.core.appender.OutputStreamManager.writeToDestination(OutputStreamManager.java:250)
	... 41 more

2025-09-17 19:36:43,845 controller-client-1 ERROR An exception occurred processing Appender FileSystemAppender org.apache.logging.log4j.core.appender.AppenderLoggingException: Error writing to stream \\10.150.0.8\goanywhere\userdata\logs\goanywhere_az-pd-gomft01.log
	at org.apache.logging.log4j.core.appender.OutputStreamManager.writeToDestination(OutputStreamManager.java:252)
	at org.apache.logging.log4j.core.appender.FileManager.writeToDestination(FileManager.java:277)
	at org.apache.logging.log4j.core.appender.rolling.RollingFileManager.writeToDestination(RollingFileManager.java:275)
	at org.apache.logging.log4j.core.appender.OutputStreamManager.flushBuffer(OutputStreamManager.java:283)
	at org.apache.logging.log4j.core.appender.OutputStreamManager.flush(OutputStreamManager.java:294)
	at org.apache.logging.log4j.core.appender.AbstractOutputStreamAppender.directEncodeEvent(AbstractOutputStreamAppender.java:199)
	at org.apache.logging.log4j.core.appender.AbstractOutputStreamAppender.tryAppend(AbstractOutputStreamAppender.java:190)
	at org.apache.logging.log4j.core.appender.AbstractOutputStreamAppender.append(AbstractOutputStreamAppender.java:181)
	at org.apache.logging.log4j.core.appender.RollingFileAppender.append(RollingFileAppender.java:312)
	at org.apache.logging.log4j.core.config.AppenderControl.tryCallAppender(AppenderControl.java:161)
	at org.apache.logging.log4j.core.config.AppenderControl.callAppender0(AppenderControl.java:134)
	at org.apache.logging.log4j.core.config.AppenderControl.callAppenderPreventRecursion(AppenderControl.java:125)
	at org.apache.logging.log4j.core.config.AppenderControl.callAppender(AppenderControl.java:89)
	at org.apache.logging.log4j.core.config.LoggerConfig.callAppenders(LoggerConfig.java:542)
	at org.apache.logging.log4j.core.config.LoggerConfig.processLogEvent(LoggerConfig.java:500)
	at org.apache.logging.log4j.core.config.LoggerConfig.log(LoggerConfig.java:483)
	at org.apache.logging.log4j.core.config.LoggerConfig.log(LoggerConfig.java:417)
	at org.apache.logging.log4j.core.config.AwaitCompletionReliabilityStrategy.log(AwaitCompletionReliabilityStrategy.java:82)
	at org.apache.logging.log4j.core.Logger.log(Logger.java:161)
	at org.apache.logging.log4j.spi.AbstractLogger.tryLogMessage(AbstractLogger.java:2205)
	at org.apache.logging.log4j.spi.AbstractLogger.logMessageTrackRecursion(AbstractLogger.java:2159)
	at org.apache.logging.log4j.spi.AbstractLogger.logMessageSafely(AbstractLogger.java:2142)
	at org.apache.logging.log4j.spi.AbstractLogger.logMessage(AbstractLogger.java:2040)
	at org.apache.logging.log4j.spi.AbstractLogger.logIfEnabled(AbstractLogger.java:1907)
	at org.apache.logging.slf4j.Log4jLogger.error(Log4jLogger.java:309)
	at com.linoma.gag.common.codec.MessageEncoder.exceptionCaught(MessageEncoder.java:67)
	at io.netty.channel.AbstractChannelHandlerContext.invokeExceptionCaught(AbstractChannelHandlerContext.java:346)
	at io.netty.channel.AbstractChannelHandlerContext.invokeExceptionCaught(AbstractChannelHandlerContext.java:325)
	at io.netty.channel.AbstractChannelHandlerContext.fireExceptionCaught(AbstractChannelHandlerContext.java:317)
	at io.netty.channel.DefaultChannelPipeline$HeadContext.exceptionCaught(DefaultChannelPipeline.java:1377)
	at io.netty.channel.AbstractChannelHandlerContext.invokeExceptionCaught(AbstractChannelHandlerContext.java:346)
	at io.netty.channel.AbstractChannelHandlerContext.invokeExceptionCaught(AbstractChannelHandlerContext.java:325)
	at io.netty.channel.DefaultChannelPipeline.fireExceptionCaught(DefaultChannelPipeline.java:907)
	at io.netty.channel.nio.AbstractNioByteChannel$NioByteUnsafe.handleReadException(AbstractNioByteChannel.java:125)
	at io.netty.channel.nio.AbstractNioByteChannel$NioByteUnsafe.read(AbstractNioByteChannel.java:177)
	at io.netty.channel.nio.NioEventLoop.processSelectedKey(NioEventLoop.java:788)
	at io.netty.channel.nio.NioEventLoop.processSelectedKeysOptimized(NioEventLoop.java:724)
	at io.netty.channel.nio.NioEventLoop.processSelectedKeys(NioEventLoop.java:650)
	at io.netty.channel.nio.NioEventLoop.run(NioEventLoop.java:562)
	at io.netty.util.concurrent.SingleThreadEventExecutor$4.run(SingleThreadEventExecutor.java:997)
	at io.netty.util.internal.ThreadExecutorMap$2.run(ThreadExecutorMap.java:74)
	at java.base/java.lang.Thread.run(Thread.java:829)
Caused by: java.io.IOException: The system cannot find the file specified
	at java.base/java.io.FileOutputStream.writeBytes(Native Method)
	at java.base/java.io.FileOutputStream.write(FileOutputStream.java:354)
	at org.apache.logging.log4j.core.appender.OutputStreamManager.writeToDestination(OutputStreamManager.java:250)
	... 41 more

2025-09-17 19:36:43,861 controller-client-1 ERROR Unable to write to stream \\10.150.0.8\goanywhere\userdata\logs\goanywhere_az-pd-gomft01.log for appender FileSystemAppender org.apache.logging.log4j.core.appender.AppenderLoggingException: Error writing to stream \\10.150.0.8\goanywhere\userdata\logs\goanywhere_az-pd-gomft01.log
	at org.apache.logging.log4j.core.appender.OutputStreamManager.writeToDestination(OutputStreamManager.java:252)
	at org.apache.logging.log4j.core.appender.FileManager.writeToDestination(FileManager.java:277)
	at org.apache.logging.log4j.core.appender.rolling.RollingFileManager.writeToDestination(RollingFileManager.java:275)
	at org.apache.logging.log4j.core.appender.OutputStreamManager.flushBuffer(OutputStreamManager.java:283)
	at org.apache.logging.log4j.core.appender.OutputStreamManager.flush(OutputStreamManager.java:294)
	at org.apache.logging.log4j.core.appender.AbstractOutputStreamAppender.directEncodeEvent(AbstractOutputStreamAppender.java:199)
	at org.apache.logging.log4j.core.appender.AbstractOutputStreamAppender.tryAppend(AbstractOutputStreamAppender.java:190)
	at org.apache.logging.log4j.core.appender.AbstractOutputStreamAppender.append(AbstractOutputStreamAppender.java:181)
	at org.apache.logging.log4j.core.appender.RollingFileAppender.append(RollingFileAppender.java:312)
	at org.apache.logging.log4j.core.config.AppenderControl.tryCallAppender(AppenderControl.java:161)
	at org.apache.logging.log4j.core.config.AppenderControl.callAppender0(AppenderControl.java:134)
	at org.apache.logging.log4j.core.config.AppenderControl.callAppenderPreventRecursion(AppenderControl.java:125)
	at org.apache.logging.log4j.core.config.AppenderControl.callAppender(AppenderControl.java:89)
	at org.apache.logging.log4j.core.config.LoggerConfig.callAppenders(LoggerConfig.java:542)
	at org.apache.logging.log4j.core.config.LoggerConfig.processLogEvent(LoggerConfig.java:500)
	at org.apache.logging.log4j.core.config.LoggerConfig.log(LoggerConfig.java:483)
	at org.apache.logging.log4j.core.config.LoggerConfig.log(LoggerConfig.java:417)
	at org.apache.logging.log4j.core.config.AwaitCompletionReliabilityStrategy.log(AwaitCompletionReliabilityStrategy.java:82)
	at org.apache.logging.log4j.core.Logger.log(Logger.java:161)
	at org.apache.logging.log4j.spi.AbstractLogger.tryLogMessage(AbstractLogger.java:2205)
	at org.apache.logging.log4j.spi.AbstractLogger.logMessageTrackRecursion(AbstractLogger.java:2159)
	at org.apache.logging.log4j.spi.AbstractLogger.logMessageSafely(AbstractLogger.java:2142)
	at org.apache.logging.log4j.spi.AbstractLogger.logMessage(AbstractLogger.java:2034)
	at org.apache.logging.log4j.spi.AbstractLogger.logIfEnabled(AbstractLogger.java:1899)
	at org.apache.logging.slf4j.Log4jLogger.info(Log4jLogger.java:184)
	at com.linoma.gag.client.ControllerClientHandler3.channelInactive(ControllerClientHandler3.java:94)
	at io.netty.channel.AbstractChannelHandlerContext.invokeChannelInactive(AbstractChannelHandlerContext.java:303)
	at io.netty.channel.AbstractChannelHandlerContext.invokeChannelInactive(AbstractChannelHandlerContext.java:281)
	at io.netty.channel.AbstractChannelHandlerContext.fireChannelInactive(AbstractChannelHandlerContext.java:274)
	at io.netty.handler.codec.ByteToMessageDecoder.channelInputClosed(ByteToMessageDecoder.java:412)
	at io.netty.handler.codec.ByteToMessageDecoder.channelInactive(ByteToMessageDecoder.java:377)
	at io.netty.channel.AbstractChannelHandlerContext.invokeChannelInactive(AbstractChannelHandlerContext.java:303)
	at io.netty.channel.AbstractChannelHandlerContext.invokeChannelInactive(AbstractChannelHandlerContext.java:281)
	at io.netty.channel.AbstractChannelHandlerContext.fireChannelInactive(AbstractChannelHandlerContext.java:274)
	at io.netty.channel.ChannelInboundHandlerAdapter.channelInactive(ChannelInboundHandlerAdapter.java:81)
	at io.netty.handler.timeout.IdleStateHandler.channelInactive(IdleStateHandler.java:280)
	at io.netty.channel.AbstractChannelHandlerContext.invokeChannelInactive(AbstractChannelHandlerContext.java:303)
	at io.netty.channel.AbstractChannelHandlerContext.invokeChannelInactive(AbstractChannelHandlerContext.java:281)
	at io.netty.channel.AbstractChannelHandlerContext.fireChannelInactive(AbstractChannelHandlerContext.java:274)
	at io.netty.channel.DefaultChannelPipeline$HeadContext.channelInactive(DefaultChannelPipeline.java:1405)
	at io.netty.channel.AbstractChannelHandlerContext.invokeChannelInactive(AbstractChannelHandlerContext.java:301)
	at io.netty.channel.AbstractChannelHandlerContext.invokeChannelInactive(AbstractChannelHandlerContext.java:281)
	at io.netty.channel.DefaultChannelPipeline.fireChannelInactive(DefaultChannelPipeline.java:901)
	at io.netty.channel.AbstractChannel$AbstractUnsafe$7.run(AbstractChannel.java:813)
	at io.netty.util.concurrent.AbstractEventExecutor.runTask(AbstractEventExecutor.java:173)
	at io.netty.util.concurrent.AbstractEventExecutor.safeExecute(AbstractEventExecutor.java:166)
	at io.netty.util.concurrent.SingleThreadEventExecutor.runAllTasks(SingleThreadEventExecutor.java:470)
	at io.netty.channel.nio.NioEventLoop.run(NioEventLoop.java:566)
	at io.netty.util.concurrent.SingleThreadEventExecutor$4.run(SingleThreadEventExecutor.java:997)
	at io.netty.util.internal.ThreadExecutorMap$2.run(ThreadExecutorMap.java:74)
	at java.base/java.lang.Thread.run(Thread.java:829)
Caused by: java.io.IOException: An unexpected network error occurred
	at java.base/java.io.FileOutputStream.writeBytes(Native Method)
	at java.base/java.io.FileOutputStream.write(FileOutputStream.java:354)
	at org.apache.logging.log4j.core.appender.OutputStreamManager.writeToDestination(OutputStreamManager.java:250)
	... 50 more

2025-09-17 19:36:43,861 controller-client-1 ERROR An exception occurred processing Appender FileSystemAppender org.apache.logging.log4j.core.appender.AppenderLoggingException: Error writing to stream \\10.150.0.8\goanywhere\userdata\logs\goanywhere_az-pd-gomft01.log
	at org.apache.logging.log4j.core.appender.OutputStreamManager.writeToDestination(OutputStreamManager.java:252)
	at org.apache.logging.log4j.core.appender.FileManager.writeToDestination(FileManager.java:277)
	at org.apache.logging.log4j.core.appender.rolling.RollingFileManager.writeToDestination(RollingFileManager.java:275)
	at org.apache.logging.log4j.core.appender.OutputStreamManager.flushBuffer(OutputStreamManager.java:283)
	at org.apache.logging.log4j.core.appender.OutputStreamManager.flush(OutputStreamManager.java:294)
	at org.apache.logging.log4j.core.appender.AbstractOutputStreamAppender.directEncodeEvent(AbstractOutputStreamAppender.java:199)
	at org.apache.logging.log4j.core.appender.AbstractOutputStreamAppender.tryAppend(AbstractOutputStreamAppender.java:190)
	at org.apache.logging.log4j.core.appender.AbstractOutputStreamAppender.append(AbstractOutputStreamAppender.java:181)
	at org.apache.logging.log4j.core.appender.RollingFileAppender.append(RollingFileAppender.java:312)
	at org.apache.logging.log4j.core.config.AppenderControl.tryCallAppender(AppenderControl.java:161)
	at org.apache.logging.log4j.core.config.AppenderControl.callAppender0(AppenderControl.java:134)
	at org.apache.logging.log4j.core.config.AppenderControl.callAppenderPreventRecursion(AppenderControl.java:125)
	at org.apache.logging.log4j.core.config.AppenderControl.callAppender(AppenderControl.java:89)
	at org.apache.logging.log4j.core.config.LoggerConfig.callAppenders(LoggerConfig.java:542)
	at org.apache.logging.log4j.core.config.LoggerConfig.processLogEvent(LoggerConfig.java:500)
	at org.apache.logging.log4j.core.config.LoggerConfig.log(LoggerConfig.java:483)
	at org.apache.logging.log4j.core.config.LoggerConfig.log(LoggerConfig.java:417)
	at org.apache.logging.log4j.core.config.AwaitCompletionReliabilityStrategy.log(AwaitCompletionReliabilityStrategy.java:82)
	at org.apache.logging.log4j.core.Logger.log(Logger.java:161)
	at org.apache.logging.log4j.spi.AbstractLogger.tryLogMessage(AbstractLogger.java:2205)
	at org.apache.logging.log4j.spi.AbstractLogger.logMessageTrackRecursion(AbstractLogger.java:2159)
	at org.apache.logging.log4j.spi.AbstractLogger.logMessageSafely(AbstractLogger.java:2142)
	at org.apache.logging.log4j.spi.AbstractLogger.logMessage(AbstractLogger.java:2034)
	at org.apache.logging.log4j.spi.AbstractLogger.logIfEnabled(AbstractLogger.java:1899)
	at org.apache.logging.slf4j.Log4jLogger.info(Log4jLogger.java:184)
	at com.linoma.gag.client.ControllerClientHandler3.channelInactive(ControllerClientHandler3.java:94)
	at io.netty.channel.AbstractChannelHandlerContext.invokeChannelInactive(AbstractChannelHandlerContext.java:303)
	at io.netty.channel.AbstractChannelHandlerContext.invokeChannelInactive(AbstractChannelHandlerContext.java:281)
	at io.netty.channel.AbstractChannelHandlerContext.fireChannelInactive(AbstractChannelHandlerContext.java:274)
	at io.netty.handler.codec.ByteToMessageDecoder.channelInputClosed(ByteToMessageDecoder.java:412)
	at io.netty.handler.codec.ByteToMessageDecoder.channelInactive(ByteToMessageDecoder.java:377)
	at io.netty.channel.AbstractChannelHandlerContext.invokeChannelInactive(AbstractChannelHandlerContext.java:303)
	at io.netty.channel.AbstractChannelHandlerContext.invokeChannelInactive(AbstractChannelHandlerContext.java:281)
	at io.netty.channel.AbstractChannelHandlerContext.fireChannelInactive(AbstractChannelHandlerContext.java:274)
	at io.netty.channel.ChannelInboundHandlerAdapter.channelInactive(ChannelInboundHandlerAdapter.java:81)
	at io.netty.handler.timeout.IdleStateHandler.channelInactive(IdleStateHandler.java:280)
	at io.netty.channel.AbstractChannelHandlerContext.invokeChannelInactive(AbstractChannelHandlerContext.java:303)
	at io.netty.channel.AbstractChannelHandlerContext.invokeChannelInactive(AbstractChannelHandlerContext.java:281)
	at io.netty.channel.AbstractChannelHandlerContext.fireChannelInactive(AbstractChannelHandlerContext.java:274)
	at io.netty.channel.DefaultChannelPipeline$HeadContext.channelInactive(DefaultChannelPipeline.java:1405)
	at io.netty.channel.AbstractChannelHandlerContext.invokeChannelInactive(AbstractChannelHandlerContext.java:301)
	at io.netty.channel.AbstractChannelHandlerContext.invokeChannelInactive(AbstractChannelHandlerContext.java:281)
	at io.netty.channel.DefaultChannelPipeline.fireChannelInactive(DefaultChannelPipeline.java:901)
	at io.netty.channel.AbstractChannel$AbstractUnsafe$7.run(AbstractChannel.java:813)
	at io.netty.util.concurrent.AbstractEventExecutor.runTask(AbstractEventExecutor.java:173)
	at io.netty.util.concurrent.AbstractEventExecutor.safeExecute(AbstractEventExecutor.java:166)
	at io.netty.util.concurrent.SingleThreadEventExecutor.runAllTasks(SingleThreadEventExecutor.java:470)
	at io.netty.channel.nio.NioEventLoop.run(NioEventLoop.java:566)
	at io.netty.util.concurrent.SingleThreadEventExecutor$4.run(SingleThreadEventExecutor.java:997)
	at io.netty.util.internal.ThreadExecutorMap$2.run(ThreadExecutorMap.java:74)
	at java.base/java.lang.Thread.run(Thread.java:829)
Caused by: java.io.IOException: An unexpected network error occurred
	at java.base/java.io.FileOutputStream.writeBytes(Native Method)
	at java.base/java.io.FileOutputStream.write(FileOutputStream.java:354)
	at org.apache.logging.log4j.core.appender.OutputStreamManager.writeToDestination(OutputStreamManager.java:250)
	... 50 more

