
2025-12-13 00:24:37 Commons Daemon procrun stderr initialized
java.lang.RuntimeException: com.zaxxer.hikari.pool.HikariPool$PoolInitializationException: Failed to initialize pool: The TCP/IP connection to the host 10.150.0.10, port 1433 has failed. Error: "connect timed out. Verify the connection properties. Make sure that an instance of SQL Server is running on the host and accepting TCP/IP connections at the port. Make sure that TCP connections to the port are not blocked by a firewall.".
	at com.linoma.ga.data.access.DataAccessLayerFactory.initDataSource(DataAccessLayerFactory.java:83)
	at com.linoma.ga.data.access.DataAccessLayerFactory.initPrimaryDataSource(DataAccessLayerFactory.java:67)
	at com.linoma.ga.data.access.DataAccessLayerFactory.<init>(DataAccessLayerFactory.java:57)
	at com.linoma.ga.core.system.DataFactory.initialize(DataFactory.java:219)
	at com.linoma.commons.stream.MemoizingSupplier.get(MemoizingSupplier.java:95)
	at com.linoma.ga.core.system.DataFactory.getConnection(DataFactory.java:143)
	at com.linoma.ga.core.system.DataFactory.getConnection(DataFactory.java:131)
	at com.linoma.ga.core.settings.SettingsController.getSettingsAsMap(SettingsController.java:564)
	at com.linoma.ga.core.settings.SettingsAPI.getAllSettingsAsMap(SettingsAPI.java:64)
	at com.linoma.dpa.DPASettings.loadSettings(DPASettings.java:1516)
	at com.linoma.dpa.DPASettings.load(DPASettings.java:747)
	at com.linoma.commons.stream.MemoizingSupplier.get(MemoizingSupplier.java:95)
	at com.linoma.dpa.DPASettings.initialize(DPASettings.java:753)
	at com.linoma.startup.TomcatStarter.start(TomcatStarter.java:329)
	at java.base/jdk.internal.reflect.NativeMethodAccessorImpl.invoke0(Native Method)
	at java.base/jdk.internal.reflect.NativeMethodAccessorImpl.invoke(NativeMethodAccessorImpl.java:62)
	at java.base/jdk.internal.reflect.DelegatingMethodAccessorImpl.invoke(DelegatingMethodAccessorImpl.java:43)
	at java.base/java.lang.reflect.Method.invoke(Method.java:566)
	at com.linoma.bootstrap.GoAnywhereBootstrap.main(GoAnywhereBootstrap.java:82)
Caused by: com.zaxxer.hikari.pool.HikariPool$PoolInitializationException: Failed to initialize pool: The TCP/IP connection to the host 10.150.0.10, port 1433 has failed. Error: "connect timed out. Verify the connection properties. Make sure that an instance of SQL Server is running on the host and accepting TCP/IP connections at the port. Make sure that TCP connections to the port are not blocked by a firewall.".
	at com.zaxxer.hikari.pool.HikariPool.throwPoolInitializationException(HikariPool.java:584)
	at com.zaxxer.hikari.pool.HikariPool.checkFailFast(HikariPool.java:571)
	at com.zaxxer.hikari.pool.HikariPool.<init>(HikariPool.java:98)
	at com.zaxxer.hikari.HikariDataSource.<init>(HikariDataSource.java:80)
	at com.linoma.ga.data.access.DataAccessLayerFactory.initDataSource(DataAccessLayerFactory.java:81)
	... 18 more
Caused by: com.microsoft.sqlserver.jdbc.SQLServerException: The TCP/IP connection to the host 10.150.0.10, port 1433 has failed. Error: "connect timed out. Verify the connection properties. Make sure that an instance of SQL Server is running on the host and accepting TCP/IP connections at the port. Make sure that TCP connections to the port are not blocked by a firewall.".
	at com.microsoft.sqlserver.jdbc.SQLServerException.makeFromDriverError(SQLServerException.java:242)
	at com.microsoft.sqlserver.jdbc.SQLServerException.convertConnectExceptionToSQLServerException(SQLServerException.java:308)
	at com.microsoft.sqlserver.jdbc.SocketFinder.findSocket(IOBuffer.java:2594)
	at com.microsoft.sqlserver.jdbc.TDSChannel.open(IOBuffer.java:722)
	at com.microsoft.sqlserver.jdbc.SQLServerConnection.connectHelper(SQLServerConnection.java:3785)
	at com.microsoft.sqlserver.jdbc.SQLServerConnection.login(SQLServerConnection.java:3402)
	at com.microsoft.sqlserver.jdbc.SQLServerConnection.connectInternal(SQLServerConnection.java:3211)
	at com.microsoft.sqlserver.jdbc.SQLServerConnection.connect(SQLServerConnection.java:1979)
	at com.microsoft.sqlserver.jdbc.SQLServerDriver.connect(SQLServerDriver.java:1267)
	at com.zaxxer.hikari.util.DriverDataSource.getConnection(DriverDataSource.java:137)
	at com.zaxxer.hikari.pool.PoolBase.newConnection(PoolBase.java:360)
	at com.zaxxer.hikari.pool.PoolBase.newPoolEntry(PoolBase.java:202)
	at com.zaxxer.hikari.pool.HikariPool.createPoolEntry(HikariPool.java:461)
	at com.zaxxer.hikari.pool.HikariPool.checkFailFast(HikariPool.java:550)
	... 21 more
java.lang.RuntimeException: com.zaxxer.hikari.pool.HikariPool$PoolInitializationException: Failed to initialize pool: The TCP/IP connection to the host 10.150.0.10, port 1433 has failed. Error: "connect timed out. Verify the connection properties. Make sure that an instance of SQL Server is running on the host and accepting TCP/IP connections at the port. Make sure that TCP connections to the port are not blocked by a firewall.".
	at com.linoma.ga.data.access.DataAccessLayerFactory.initDataSource(DataAccessLayerFactory.java:83)
	at com.linoma.ga.data.access.DataAccessLayerFactory.initPrimaryDataSource(DataAccessLayerFactory.java:67)
	at com.linoma.ga.data.access.DataAccessLayerFactory.<init>(DataAccessLayerFactory.java:57)
	at com.linoma.ga.core.system.DataFactory.initialize(DataFactory.java:219)
	at com.linoma.commons.stream.MemoizingSupplier.get(MemoizingSupplier.java:95)
	at com.linoma.ga.core.system.DataFactory.shutdown(DataFactory.java:183)
	at com.linoma.startup.TomcatStarter.start(TomcatStarter.java:348)
	at java.base/jdk.internal.reflect.NativeMethodAccessorImpl.invoke0(Native Method)
	at java.base/jdk.internal.reflect.NativeMethodAccessorImpl.invoke(NativeMethodAccessorImpl.java:62)
	at java.base/jdk.internal.reflect.DelegatingMethodAccessorImpl.invoke(DelegatingMethodAccessorImpl.java:43)
	at java.base/java.lang.reflect.Method.invoke(Method.java:566)
	at com.linoma.bootstrap.GoAnywhereBootstrap.main(GoAnywhereBootstrap.java:82)
Caused by: com.zaxxer.hikari.pool.HikariPool$PoolInitializationException: Failed to initialize pool: The TCP/IP connection to the host 10.150.0.10, port 1433 has failed. Error: "connect timed out. Verify the connection properties. Make sure that an instance of SQL Server is running on the host and accepting TCP/IP connections at the port. Make sure that TCP connections to the port are not blocked by a firewall.".
	at com.zaxxer.hikari.pool.HikariPool.throwPoolInitializationException(HikariPool.java:584)
	at com.zaxxer.hikari.pool.HikariPool.checkFailFast(HikariPool.java:571)
	at com.zaxxer.hikari.pool.HikariPool.<init>(HikariPool.java:98)
	at com.zaxxer.hikari.HikariDataSource.<init>(HikariDataSource.java:80)
	at com.linoma.ga.data.access.DataAccessLayerFactory.initDataSource(DataAccessLayerFactory.java:81)
	... 11 more
Caused by: com.microsoft.sqlserver.jdbc.SQLServerException: The TCP/IP connection to the host 10.150.0.10, port 1433 has failed. Error: "connect timed out. Verify the connection properties. Make sure that an instance of SQL Server is running on the host and accepting TCP/IP connections at the port. Make sure that TCP connections to the port are not blocked by a firewall.".
	at com.microsoft.sqlserver.jdbc.SQLServerException.makeFromDriverError(SQLServerException.java:242)
	at com.microsoft.sqlserver.jdbc.SQLServerException.convertConnectExceptionToSQLServerException(SQLServerException.java:308)
	at com.microsoft.sqlserver.jdbc.SocketFinder.findSocket(IOBuffer.java:2594)
	at com.microsoft.sqlserver.jdbc.TDSChannel.open(IOBuffer.java:722)
	at com.microsoft.sqlserver.jdbc.SQLServerConnection.connectHelper(SQLServerConnection.java:3785)
	at com.microsoft.sqlserver.jdbc.SQLServerConnection.login(SQLServerConnection.java:3402)
	at com.microsoft.sqlserver.jdbc.SQLServerConnection.connectInternal(SQLServerConnection.java:3211)
	at com.microsoft.sqlserver.jdbc.SQLServerConnection.connect(SQLServerConnection.java:1979)
	at com.microsoft.sqlserver.jdbc.SQLServerDriver.connect(SQLServerDriver.java:1267)
	at com.zaxxer.hikari.util.DriverDataSource.getConnection(DriverDataSource.java:137)
	at com.zaxxer.hikari.pool.PoolBase.newConnection(PoolBase.java:360)
	at com.zaxxer.hikari.pool.PoolBase.newPoolEntry(PoolBase.java:202)
	at com.zaxxer.hikari.pool.HikariPool.createPoolEntry(HikariPool.java:461)
	at com.zaxxer.hikari.pool.HikariPool.checkFailFast(HikariPool.java:550)
	... 14 more
